2025-07-17 11:11:47 | INFO | HTTP Request: POST https://api.telegram.org/bot7967045044:AAFq8jFRmFpbtioVMZi4wmlemHARA7Ym1jA/getMe "HTTP/1.1 200 OK"
2025-07-17 11:11:47 | INFO | HTTP Request: POST https://api.telegram.org/bot7967045044:AAFq8jFRmFpbtioVMZi4wmlemHARA7Ym1jA/deleteWebhook "HTTP/1.1 200 OK"
2025-07-17 11:11:47 | INFO | Scheduler started
2025-07-17 11:11:47 | INFO | Application started
2025-07-17 11:11:47 | INFO | HTTP Request: POST https://api.telegram.org/bot7967045044:AAFq8jFRmFpbtioVMZi4wmlemHARA7Ym1jA/getUpdates "HTTP/1.1 200 OK"
2025-07-17 11:11:54 | INFO | HTTP Request: POST https://api.telegram.org/bot7967045044:AAFq8jFRmFpbtioVMZi4wmlemHARA7Ym1jA/sendMessage "HTTP/1.1 200 OK"
2025-07-17 11:11:54 | INFO | HTTP Request: POST https://api.telegram.org/bot7967045044:AAFq8jFRmFpbtioVMZi4wmlemHARA7Ym1jA/sendMessage "HTTP/1.1 200 OK"
2025-07-17 11:11:54 | INFO | HTTP Request: POST https://api.telegram.org/bot7967045044:AAFq8jFRmFpbtioVMZi4wmlemHARA7Ym1jA/sendMessage "HTTP/1.1 200 OK"
2025-07-17 11:11:54 | INFO | HTTP Request: POST https://api.telegram.org/bot7967045044:AAFq8jFRmFpbtioVMZi4wmlemHARA7Ym1jA/sendMessage "HTTP/1.1 200 OK"
2025-07-17 11:12:04 | INFO | HTTP Request: POST https://api.telegram.org/bot7967045044:AAFq8jFRmFpbtioVMZi4wmlemHARA7Ym1jA/getUpdates "HTTP/1.1 200 OK"
2025-07-17 11:12:14 | INFO | HTTP Request: POST https://api.telegram.org/bot7967045044:AAFq8jFRmFpbtioVMZi4wmlemHARA7Ym1jA/getUpdates "HTTP/1.1 200 OK"
2025-07-17 11:12:24 | INFO | HTTP Request: POST https://api.telegram.org/bot7967045044:AAFq8jFRmFpbtioVMZi4wmlemHARA7Ym1jA/getUpdates "HTTP/1.1 200 OK"
2025-07-17 11:12:34 | INFO | HTTP Request: POST https://api.telegram.org/bot7967045044:AAFq8jFRmFpbtioVMZi4wmlemHARA7Ym1jA/getUpdates "HTTP/1.1 200 OK"
2025-07-17 11:12:44 | INFO | HTTP Request: POST https://api.telegram.org/bot7967045044:AAFq8jFRmFpbtioVMZi4wmlemHARA7Ym1jA/getUpdates "HTTP/1.1 200 OK"
2025-07-17 11:12:49 | INFO | HTTP Request: POST https://api.telegram.org/bot7967045044:AAFq8jFRmFpbtioVMZi4wmlemHARA7Ym1jA/getUpdates "HTTP/1.1 200 OK"
2025-07-17 11:12:49 | INFO | HTTP Request: POST https://api.telegram.org/bot7967045044:AAFq8jFRmFpbtioVMZi4wmlemHARA7Ym1jA/sendMessage "HTTP/1.1 200 OK"
2025-07-17 11:12:59 | INFO | HTTP Request: POST https://api.telegram.org/bot7967045044:AAFq8jFRmFpbtioVMZi4wmlemHARA7Ym1jA/getUpdates "HTTP/1.1 200 OK"
2025-07-17 11:13:09 | INFO | HTTP Request: POST https://api.telegram.org/bot7967045044:AAFq8jFRmFpbtioVMZi4wmlemHARA7Ym1jA/getUpdates "HTTP/1.1 200 OK"
2025-07-17 11:13:19 | INFO | HTTP Request: POST https://api.telegram.org/bot7967045044:AAFq8jFRmFpbtioVMZi4wmlemHARA7Ym1jA/getUpdates "HTTP/1.1 200 OK"
2025-07-17 11:13:29 | INFO | HTTP Request: POST https://api.telegram.org/bot7967045044:AAFq8jFRmFpbtioVMZi4wmlemHARA7Ym1jA/getUpdates "HTTP/1.1 200 OK"
2025-07-17 11:13:39 | INFO | HTTP Request: POST https://api.telegram.org/bot7967045044:AAFq8jFRmFpbtioVMZi4wmlemHARA7Ym1jA/getUpdates "HTTP/1.1 200 OK"
2025-07-17 11:13:49 | INFO | HTTP Request: POST https://api.telegram.org/bot7967045044:AAFq8jFRmFpbtioVMZi4wmlemHARA7Ym1jA/getUpdates "HTTP/1.1 200 OK"
2025-07-17 11:13:59 | INFO | HTTP Request: POST https://api.telegram.org/bot7967045044:AAFq8jFRmFpbtioVMZi4wmlemHARA7Ym1jA/getUpdates "HTTP/1.1 200 OK"
2025-07-17 11:14:09 | INFO | HTTP Request: POST https://api.telegram.org/bot7967045044:AAFq8jFRmFpbtioVMZi4wmlemHARA7Ym1jA/getUpdates "HTTP/1.1 200 OK"
2025-07-17 11:14:20 | INFO | HTTP Request: POST https://api.telegram.org/bot7967045044:AAFq8jFRmFpbtioVMZi4wmlemHARA7Ym1jA/getUpdates "HTTP/1.1 200 OK"
2025-07-17 11:14:30 | INFO | HTTP Request: POST https://api.telegram.org/bot7967045044:AAFq8jFRmFpbtioVMZi4wmlemHARA7Ym1jA/getUpdates "HTTP/1.1 200 OK"
2025-07-17 11:14:40 | INFO | HTTP Request: POST https://api.telegram.org/bot7967045044:AAFq8jFRmFpbtioVMZi4wmlemHARA7Ym1jA/getUpdates "HTTP/1.1 200 OK"
2025-07-17 11:14:50 | INFO | HTTP Request: POST https://api.telegram.org/bot7967045044:AAFq8jFRmFpbtioVMZi4wmlemHARA7Ym1jA/getUpdates "HTTP/1.1 200 OK"
2025-07-17 11:15:00 | INFO | HTTP Request: POST https://api.telegram.org/bot7967045044:AAFq8jFRmFpbtioVMZi4wmlemHARA7Ym1jA/getUpdates "HTTP/1.1 200 OK"
2025-07-17 11:15:10 | INFO | HTTP Request: POST https://api.telegram.org/bot7967045044:AAFq8jFRmFpbtioVMZi4wmlemHARA7Ym1jA/getUpdates "HTTP/1.1 200 OK"
2025-07-17 11:15:20 | INFO | HTTP Request: POST https://api.telegram.org/bot7967045044:AAFq8jFRmFpbtioVMZi4wmlemHARA7Ym1jA/getUpdates "HTTP/1.1 200 OK"
2025-07-17 11:15:30 | INFO | HTTP Request: POST https://api.telegram.org/bot7967045044:AAFq8jFRmFpbtioVMZi4wmlemHARA7Ym1jA/getUpdates "HTTP/1.1 200 OK"
2025-07-17 11:15:40 | INFO | HTTP Request: POST https://api.telegram.org/bot7967045044:AAFq8jFRmFpbtioVMZi4wmlemHARA7Ym1jA/getUpdates "HTTP/1.1 200 OK"
2025-07-17 11:15:50 | INFO | HTTP Request: POST https://api.telegram.org/bot7967045044:AAFq8jFRmFpbtioVMZi4wmlemHARA7Ym1jA/getUpdates "HTTP/1.1 200 OK"
2025-07-17 11:16:00 | INFO | HTTP Request: POST https://api.telegram.org/bot7967045044:AAFq8jFRmFpbtioVMZi4wmlemHARA7Ym1jA/getUpdates "HTTP/1.1 200 OK"
2025-07-17 11:16:10 | INFO | HTTP Request: POST https://api.telegram.org/bot7967045044:AAFq8jFRmFpbtioVMZi4wmlemHARA7Ym1jA/getUpdates "HTTP/1.1 200 OK"
2025-07-17 11:16:20 | INFO | HTTP Request: POST https://api.telegram.org/bot7967045044:AAFq8jFRmFpbtioVMZi4wmlemHARA7Ym1jA/getUpdates "HTTP/1.1 200 OK"
2025-07-17 11:16:30 | INFO | HTTP Request: POST https://api.telegram.org/bot7967045044:AAFq8jFRmFpbtioVMZi4wmlemHARA7Ym1jA/getUpdates "HTTP/1.1 200 OK"
2025-07-17 11:16:40 | INFO | HTTP Request: POST https://api.telegram.org/bot7967045044:AAFq8jFRmFpbtioVMZi4wmlemHARA7Ym1jA/getUpdates "HTTP/1.1 200 OK"
2025-07-17 11:16:50 | INFO | HTTP Request: POST https://api.telegram.org/bot7967045044:AAFq8jFRmFpbtioVMZi4wmlemHARA7Ym1jA/getUpdates "HTTP/1.1 200 OK"
2025-07-17 11:17:00 | INFO | HTTP Request: POST https://api.telegram.org/bot7967045044:AAFq8jFRmFpbtioVMZi4wmlemHARA7Ym1jA/getUpdates "HTTP/1.1 200 OK"
2025-07-17 11:17:10 | INFO | HTTP Request: POST https://api.telegram.org/bot7967045044:AAFq8jFRmFpbtioVMZi4wmlemHARA7Ym1jA/getUpdates "HTTP/1.1 200 OK"
2025-07-17 11:17:20 | INFO | HTTP Request: POST https://api.telegram.org/bot7967045044:AAFq8jFRmFpbtioVMZi4wmlemHARA7Ym1jA/getUpdates "HTTP/1.1 200 OK"
2025-07-17 11:17:30 | INFO | HTTP Request: POST https://api.telegram.org/bot7967045044:AAFq8jFRmFpbtioVMZi4wmlemHARA7Ym1jA/getUpdates "HTTP/1.1 200 OK"
2025-07-17 11:17:40 | INFO | HTTP Request: POST https://api.telegram.org/bot7967045044:AAFq8jFRmFpbtioVMZi4wmlemHARA7Ym1jA/getUpdates "HTTP/1.1 200 OK"
2025-07-17 11:17:50 | INFO | HTTP Request: POST https://api.telegram.org/bot7967045044:AAFq8jFRmFpbtioVMZi4wmlemHARA7Ym1jA/getUpdates "HTTP/1.1 200 OK"
2025-07-17 11:18:00 | INFO | HTTP Request: POST https://api.telegram.org/bot7967045044:AAFq8jFRmFpbtioVMZi4wmlemHARA7Ym1jA/getUpdates "HTTP/1.1 200 OK"
2025-07-17 11:18:10 | INFO | HTTP Request: POST https://api.telegram.org/bot7967045044:AAFq8jFRmFpbtioVMZi4wmlemHARA7Ym1jA/getUpdates "HTTP/1.1 200 OK"
2025-07-17 11:18:20 | INFO | HTTP Request: POST https://api.telegram.org/bot7967045044:AAFq8jFRmFpbtioVMZi4wmlemHARA7Ym1jA/getUpdates "HTTP/1.1 200 OK"
2025-07-17 11:18:30 | INFO | HTTP Request: POST https://api.telegram.org/bot7967045044:AAFq8jFRmFpbtioVMZi4wmlemHARA7Ym1jA/getUpdates "HTTP/1.1 200 OK"
2025-07-17 11:18:41 | INFO | HTTP Request: POST https://api.telegram.org/bot7967045044:AAFq8jFRmFpbtioVMZi4wmlemHARA7Ym1jA/getUpdates "HTTP/1.1 200 OK"
2025-07-17 11:18:51 | INFO | HTTP Request: POST https://api.telegram.org/bot7967045044:AAFq8jFRmFpbtioVMZi4wmlemHARA7Ym1jA/getUpdates "HTTP/1.1 200 OK"
2025-07-17 11:19:01 | INFO | HTTP Request: POST https://api.telegram.org/bot7967045044:AAFq8jFRmFpbtioVMZi4wmlemHARA7Ym1jA/getUpdates "HTTP/1.1 200 OK"
2025-07-17 11:19:11 | INFO | HTTP Request: POST https://api.telegram.org/bot7967045044:AAFq8jFRmFpbtioVMZi4wmlemHARA7Ym1jA/getUpdates "HTTP/1.1 200 OK"
2025-07-17 11:19:21 | INFO | HTTP Request: POST https://api.telegram.org/bot7967045044:AAFq8jFRmFpbtioVMZi4wmlemHARA7Ym1jA/getUpdates "HTTP/1.1 200 OK"
2025-07-17 11:19:31 | INFO | HTTP Request: POST https://api.telegram.org/bot7967045044:AAFq8jFRmFpbtioVMZi4wmlemHARA7Ym1jA/getUpdates "HTTP/1.1 200 OK"
2025-07-17 11:19:41 | INFO | HTTP Request: POST https://api.telegram.org/bot7967045044:AAFq8jFRmFpbtioVMZi4wmlemHARA7Ym1jA/getUpdates "HTTP/1.1 200 OK"
2025-07-17 11:19:51 | INFO | HTTP Request: POST https://api.telegram.org/bot7967045044:AAFq8jFRmFpbtioVMZi4wmlemHARA7Ym1jA/getUpdates "HTTP/1.1 200 OK"
2025-07-17 11:20:01 | INFO | HTTP Request: POST https://api.telegram.org/bot7967045044:AAFq8jFRmFpbtioVMZi4wmlemHARA7Ym1jA/getUpdates "HTTP/1.1 200 OK"
2025-07-17 11:20:11 | INFO | HTTP Request: POST https://api.telegram.org/bot7967045044:AAFq8jFRmFpbtioVMZi4wmlemHARA7Ym1jA/getUpdates "HTTP/1.1 200 OK"
2025-07-17 11:20:21 | INFO | HTTP Request: POST https://api.telegram.org/bot7967045044:AAFq8jFRmFpbtioVMZi4wmlemHARA7Ym1jA/getUpdates "HTTP/1.1 200 OK"
2025-07-17 11:20:31 | INFO | HTTP Request: POST https://api.telegram.org/bot7967045044:AAFq8jFRmFpbtioVMZi4wmlemHARA7Ym1jA/getUpdates "HTTP/1.1 200 OK"
2025-07-17 11:20:41 | INFO | HTTP Request: POST https://api.telegram.org/bot7967045044:AAFq8jFRmFpbtioVMZi4wmlemHARA7Ym1jA/getUpdates "HTTP/1.1 200 OK"
2025-07-17 11:20:51 | INFO | HTTP Request: POST https://api.telegram.org/bot7967045044:AAFq8jFRmFpbtioVMZi4wmlemHARA7Ym1jA/getUpdates "HTTP/1.1 200 OK"
2025-07-17 11:21:01 | INFO | HTTP Request: POST https://api.telegram.org/bot7967045044:AAFq8jFRmFpbtioVMZi4wmlemHARA7Ym1jA/getUpdates "HTTP/1.1 200 OK"
2025-07-17 11:21:11 | INFO | HTTP Request: POST https://api.telegram.org/bot7967045044:AAFq8jFRmFpbtioVMZi4wmlemHARA7Ym1jA/getUpdates "HTTP/1.1 200 OK"
2025-07-17 11:21:21 | INFO | HTTP Request: POST https://api.telegram.org/bot7967045044:AAFq8jFRmFpbtioVMZi4wmlemHARA7Ym1jA/getUpdates "HTTP/1.1 200 OK"
2025-07-17 11:21:31 | INFO | HTTP Request: POST https://api.telegram.org/bot7967045044:AAFq8jFRmFpbtioVMZi4wmlemHARA7Ym1jA/getUpdates "HTTP/1.1 200 OK"
2025-07-17 11:21:41 | INFO | HTTP Request: POST https://api.telegram.org/bot7967045044:AAFq8jFRmFpbtioVMZi4wmlemHARA7Ym1jA/getUpdates "HTTP/1.1 200 OK"
2025-07-17 11:21:51 | INFO | HTTP Request: POST https://api.telegram.org/bot7967045044:AAFq8jFRmFpbtioVMZi4wmlemHARA7Ym1jA/getUpdates "HTTP/1.1 200 OK"
2025-07-17 11:22:01 | INFO | HTTP Request: POST https://api.telegram.org/bot7967045044:AAFq8jFRmFpbtioVMZi4wmlemHARA7Ym1jA/getUpdates "HTTP/1.1 200 OK"
2025-07-17 11:22:11 | INFO | HTTP Request: POST https://api.telegram.org/bot7967045044:AAFq8jFRmFpbtioVMZi4wmlemHARA7Ym1jA/getUpdates "HTTP/1.1 200 OK"
2025-07-17 11:22:21 | INFO | HTTP Request: POST https://api.telegram.org/bot7967045044:AAFq8jFRmFpbtioVMZi4wmlemHARA7Ym1jA/getUpdates "HTTP/1.1 200 OK"
2025-07-17 11:22:31 | INFO | HTTP Request: POST https://api.telegram.org/bot7967045044:AAFq8jFRmFpbtioVMZi4wmlemHARA7Ym1jA/getUpdates "HTTP/1.1 200 OK"
2025-07-17 11:22:41 | INFO | HTTP Request: POST https://api.telegram.org/bot7967045044:AAFq8jFRmFpbtioVMZi4wmlemHARA7Ym1jA/getUpdates "HTTP/1.1 200 OK"
2025-07-17 11:22:51 | INFO | HTTP Request: POST https://api.telegram.org/bot7967045044:AAFq8jFRmFpbtioVMZi4wmlemHARA7Ym1jA/getUpdates "HTTP/1.1 200 OK"
2025-07-17 11:23:02 | INFO | HTTP Request: POST https://api.telegram.org/bot7967045044:AAFq8jFRmFpbtioVMZi4wmlemHARA7Ym1jA/getUpdates "HTTP/1.1 200 OK"
2025-07-17 11:23:12 | INFO | HTTP Request: POST https://api.telegram.org/bot7967045044:AAFq8jFRmFpbtioVMZi4wmlemHARA7Ym1jA/getUpdates "HTTP/1.1 200 OK"
2025-07-17 11:23:22 | INFO | HTTP Request: POST https://api.telegram.org/bot7967045044:AAFq8jFRmFpbtioVMZi4wmlemHARA7Ym1jA/getUpdates "HTTP/1.1 200 OK"
2025-07-17 11:23:32 | INFO | HTTP Request: POST https://api.telegram.org/bot7967045044:AAFq8jFRmFpbtioVMZi4wmlemHARA7Ym1jA/getUpdates "HTTP/1.1 200 OK"
2025-07-17 11:23:42 | INFO | HTTP Request: POST https://api.telegram.org/bot7967045044:AAFq8jFRmFpbtioVMZi4wmlemHARA7Ym1jA/getUpdates "HTTP/1.1 200 OK"
2025-07-17 11:23:52 | INFO | HTTP Request: POST https://api.telegram.org/bot7967045044:AAFq8jFRmFpbtioVMZi4wmlemHARA7Ym1jA/getUpdates "HTTP/1.1 200 OK"
2025-07-17 11:24:02 | INFO | HTTP Request: POST https://api.telegram.org/bot7967045044:AAFq8jFRmFpbtioVMZi4wmlemHARA7Ym1jA/getUpdates "HTTP/1.1 200 OK"
2025-07-17 11:24:12 | INFO | HTTP Request: POST https://api.telegram.org/bot7967045044:AAFq8jFRmFpbtioVMZi4wmlemHARA7Ym1jA/getUpdates "HTTP/1.1 200 OK"
2025-07-17 11:24:22 | INFO | HTTP Request: POST https://api.telegram.org/bot7967045044:AAFq8jFRmFpbtioVMZi4wmlemHARA7Ym1jA/getUpdates "HTTP/1.1 200 OK"
2025-07-17 11:24:32 | INFO | HTTP Request: POST https://api.telegram.org/bot7967045044:AAFq8jFRmFpbtioVMZi4wmlemHARA7Ym1jA/getUpdates "HTTP/1.1 200 OK"
2025-07-17 11:24:42 | INFO | HTTP Request: POST https://api.telegram.org/bot7967045044:AAFq8jFRmFpbtioVMZi4wmlemHARA7Ym1jA/getUpdates "HTTP/1.1 200 OK"
2025-07-17 11:24:52 | INFO | HTTP Request: POST https://api.telegram.org/bot7967045044:AAFq8jFRmFpbtioVMZi4wmlemHARA7Ym1jA/getUpdates "HTTP/1.1 200 OK"
2025-07-17 11:25:02 | INFO | HTTP Request: POST https://api.telegram.org/bot7967045044:AAFq8jFRmFpbtioVMZi4wmlemHARA7Ym1jA/getUpdates "HTTP/1.1 200 OK"
2025-07-17 11:25:12 | INFO | HTTP Request: POST https://api.telegram.org/bot7967045044:AAFq8jFRmFpbtioVMZi4wmlemHARA7Ym1jA/getUpdates "HTTP/1.1 200 OK"
2025-07-17 11:25:22 | INFO | HTTP Request: POST https://api.telegram.org/bot7967045044:AAFq8jFRmFpbtioVMZi4wmlemHARA7Ym1jA/getUpdates "HTTP/1.1 200 OK"
2025-07-17 11:25:32 | INFO | HTTP Request: POST https://api.telegram.org/bot7967045044:AAFq8jFRmFpbtioVMZi4wmlemHARA7Ym1jA/getUpdates "HTTP/1.1 200 OK"
2025-07-17 11:25:42 | INFO | HTTP Request: POST https://api.telegram.org/bot7967045044:AAFq8jFRmFpbtioVMZi4wmlemHARA7Ym1jA/getUpdates "HTTP/1.1 200 OK"
2025-07-17 11:25:52 | INFO | HTTP Request: POST https://api.telegram.org/bot7967045044:AAFq8jFRmFpbtioVMZi4wmlemHARA7Ym1jA/getUpdates "HTTP/1.1 200 OK"
2025-07-17 11:26:02 | INFO | HTTP Request: POST https://api.telegram.org/bot7967045044:AAFq8jFRmFpbtioVMZi4wmlemHARA7Ym1jA/getUpdates "HTTP/1.1 200 OK"
2025-07-17 11:26:12 | INFO | HTTP Request: POST https://api.telegram.org/bot7967045044:AAFq8jFRmFpbtioVMZi4wmlemHARA7Ym1jA/getUpdates "HTTP/1.1 200 OK"
2025-07-17 11:26:22 | INFO | HTTP Request: POST https://api.telegram.org/bot7967045044:AAFq8jFRmFpbtioVMZi4wmlemHARA7Ym1jA/getUpdates "HTTP/1.1 200 OK"
2025-07-17 11:26:32 | INFO | HTTP Request: POST https://api.telegram.org/bot7967045044:AAFq8jFRmFpbtioVMZi4wmlemHARA7Ym1jA/getUpdates "HTTP/1.1 200 OK"
2025-07-17 11:26:42 | INFO | HTTP Request: POST https://api.telegram.org/bot7967045044:AAFq8jFRmFpbtioVMZi4wmlemHARA7Ym1jA/getUpdates "HTTP/1.1 200 OK"
2025-07-17 11:26:52 | INFO | HTTP Request: POST https://api.telegram.org/bot7967045044:AAFq8jFRmFpbtioVMZi4wmlemHARA7Ym1jA/getUpdates "HTTP/1.1 200 OK"
2025-07-17 11:27:02 | INFO | HTTP Request: POST https://api.telegram.org/bot7967045044:AAFq8jFRmFpbtioVMZi4wmlemHARA7Ym1jA/getUpdates "HTTP/1.1 200 OK"
2025-07-17 11:27:12 | INFO | HTTP Request: POST https://api.telegram.org/bot7967045044:AAFq8jFRmFpbtioVMZi4wmlemHARA7Ym1jA/getUpdates "HTTP/1.1 200 OK"
2025-07-17 11:27:22 | INFO | HTTP Request: POST https://api.telegram.org/bot7967045044:AAFq8jFRmFpbtioVMZi4wmlemHARA7Ym1jA/getUpdates "HTTP/1.1 200 OK"
2025-07-17 11:27:32 | INFO | HTTP Request: POST https://api.telegram.org/bot7967045044:AAFq8jFRmFpbtioVMZi4wmlemHARA7Ym1jA/getUpdates "HTTP/1.1 200 OK"
2025-07-17 11:27:43 | INFO | HTTP Request: POST https://api.telegram.org/bot7967045044:AAFq8jFRmFpbtioVMZi4wmlemHARA7Ym1jA/getUpdates "HTTP/1.1 200 OK"
2025-07-17 11:27:53 | INFO | HTTP Request: POST https://api.telegram.org/bot7967045044:AAFq8jFRmFpbtioVMZi4wmlemHARA7Ym1jA/getUpdates "HTTP/1.1 200 OK"
2025-07-17 11:28:03 | INFO | HTTP Request: POST https://api.telegram.org/bot7967045044:AAFq8jFRmFpbtioVMZi4wmlemHARA7Ym1jA/getUpdates "HTTP/1.1 200 OK"
2025-07-17 11:28:13 | INFO | HTTP Request: POST https://api.telegram.org/bot7967045044:AAFq8jFRmFpbtioVMZi4wmlemHARA7Ym1jA/getUpdates "HTTP/1.1 200 OK"
2025-07-17 11:28:23 | INFO | HTTP Request: POST https://api.telegram.org/bot7967045044:AAFq8jFRmFpbtioVMZi4wmlemHARA7Ym1jA/getUpdates "HTTP/1.1 200 OK"
2025-07-17 11:28:33 | INFO | HTTP Request: POST https://api.telegram.org/bot7967045044:AAFq8jFRmFpbtioVMZi4wmlemHARA7Ym1jA/getUpdates "HTTP/1.1 200 OK"
2025-07-17 11:28:43 | INFO | HTTP Request: POST https://api.telegram.org/bot7967045044:AAFq8jFRmFpbtioVMZi4wmlemHARA7Ym1jA/getUpdates "HTTP/1.1 200 OK"
2025-07-17 11:28:53 | INFO | HTTP Request: POST https://api.telegram.org/bot7967045044:AAFq8jFRmFpbtioVMZi4wmlemHARA7Ym1jA/getUpdates "HTTP/1.1 200 OK"
2025-07-17 11:29:03 | INFO | HTTP Request: POST https://api.telegram.org/bot7967045044:AAFq8jFRmFpbtioVMZi4wmlemHARA7Ym1jA/getUpdates "HTTP/1.1 200 OK"
2025-07-17 11:29:13 | INFO | HTTP Request: POST https://api.telegram.org/bot7967045044:AAFq8jFRmFpbtioVMZi4wmlemHARA7Ym1jA/getUpdates "HTTP/1.1 200 OK"
2025-07-17 11:29:23 | INFO | HTTP Request: POST https://api.telegram.org/bot7967045044:AAFq8jFRmFpbtioVMZi4wmlemHARA7Ym1jA/getUpdates "HTTP/1.1 200 OK"
2025-07-17 11:29:33 | INFO | HTTP Request: POST https://api.telegram.org/bot7967045044:AAFq8jFRmFpbtioVMZi4wmlemHARA7Ym1jA/getUpdates "HTTP/1.1 200 OK"
2025-07-17 11:29:43 | INFO | HTTP Request: POST https://api.telegram.org/bot7967045044:AAFq8jFRmFpbtioVMZi4wmlemHARA7Ym1jA/getUpdates "HTTP/1.1 200 OK"
2025-07-17 11:29:53 | INFO | HTTP Request: POST https://api.telegram.org/bot7967045044:AAFq8jFRmFpbtioVMZi4wmlemHARA7Ym1jA/getUpdates "HTTP/1.1 200 OK"
2025-07-17 11:30:03 | INFO | HTTP Request: POST https://api.telegram.org/bot7967045044:AAFq8jFRmFpbtioVMZi4wmlemHARA7Ym1jA/getUpdates "HTTP/1.1 200 OK"
2025-07-17 11:30:13 | INFO | HTTP Request: POST https://api.telegram.org/bot7967045044:AAFq8jFRmFpbtioVMZi4wmlemHARA7Ym1jA/getUpdates "HTTP/1.1 200 OK"
2025-07-17 11:30:23 | INFO | HTTP Request: POST https://api.telegram.org/bot7967045044:AAFq8jFRmFpbtioVMZi4wmlemHARA7Ym1jA/getUpdates "HTTP/1.1 200 OK"
2025-07-17 11:30:33 | INFO | HTTP Request: POST https://api.telegram.org/bot7967045044:AAFq8jFRmFpbtioVMZi4wmlemHARA7Ym1jA/getUpdates "HTTP/1.1 200 OK"
2025-07-17 11:30:43 | INFO | HTTP Request: POST https://api.telegram.org/bot7967045044:AAFq8jFRmFpbtioVMZi4wmlemHARA7Ym1jA/getUpdates "HTTP/1.1 200 OK"
2025-07-17 11:30:53 | INFO | HTTP Request: POST https://api.telegram.org/bot7967045044:AAFq8jFRmFpbtioVMZi4wmlemHARA7Ym1jA/getUpdates "HTTP/1.1 200 OK"
2025-07-17 11:31:03 | INFO | HTTP Request: POST https://api.telegram.org/bot7967045044:AAFq8jFRmFpbtioVMZi4wmlemHARA7Ym1jA/getUpdates "HTTP/1.1 200 OK"
2025-07-17 11:31:13 | INFO | HTTP Request: POST https://api.telegram.org/bot7967045044:AAFq8jFRmFpbtioVMZi4wmlemHARA7Ym1jA/getUpdates "HTTP/1.1 200 OK"
2025-07-17 11:31:23 | INFO | HTTP Request: POST https://api.telegram.org/bot7967045044:AAFq8jFRmFpbtioVMZi4wmlemHARA7Ym1jA/getUpdates "HTTP/1.1 200 OK"
2025-07-17 11:31:33 | INFO | HTTP Request: POST https://api.telegram.org/bot7967045044:AAFq8jFRmFpbtioVMZi4wmlemHARA7Ym1jA/getUpdates "HTTP/1.1 200 OK"
2025-07-17 11:31:44 | INFO | HTTP Request: POST https://api.telegram.org/bot7967045044:AAFq8jFRmFpbtioVMZi4wmlemHARA7Ym1jA/getUpdates "HTTP/1.1 200 OK"
2025-07-17 11:31:54 | INFO | HTTP Request: POST https://api.telegram.org/bot7967045044:AAFq8jFRmFpbtioVMZi4wmlemHARA7Ym1jA/getUpdates "HTTP/1.1 200 OK"
2025-07-17 11:32:04 | INFO | HTTP Request: POST https://api.telegram.org/bot7967045044:AAFq8jFRmFpbtioVMZi4wmlemHARA7Ym1jA/getUpdates "HTTP/1.1 200 OK"
2025-07-17 11:32:14 | INFO | HTTP Request: POST https://api.telegram.org/bot7967045044:AAFq8jFRmFpbtioVMZi4wmlemHARA7Ym1jA/getUpdates "HTTP/1.1 200 OK"
2025-07-17 11:32:24 | INFO | HTTP Request: POST https://api.telegram.org/bot7967045044:AAFq8jFRmFpbtioVMZi4wmlemHARA7Ym1jA/getUpdates "HTTP/1.1 200 OK"
2025-07-17 11:32:34 | INFO | HTTP Request: POST https://api.telegram.org/bot7967045044:AAFq8jFRmFpbtioVMZi4wmlemHARA7Ym1jA/getUpdates "HTTP/1.1 200 OK"
2025-07-17 11:32:44 | INFO | HTTP Request: POST https://api.telegram.org/bot7967045044:AAFq8jFRmFpbtioVMZi4wmlemHARA7Ym1jA/getUpdates "HTTP/1.1 200 OK"
2025-07-17 11:32:54 | INFO | HTTP Request: POST https://api.telegram.org/bot7967045044:AAFq8jFRmFpbtioVMZi4wmlemHARA7Ym1jA/getUpdates "HTTP/1.1 200 OK"
2025-07-17 11:33:04 | INFO | HTTP Request: POST https://api.telegram.org/bot7967045044:AAFq8jFRmFpbtioVMZi4wmlemHARA7Ym1jA/getUpdates "HTTP/1.1 200 OK"
2025-07-17 11:33:14 | INFO | HTTP Request: POST https://api.telegram.org/bot7967045044:AAFq8jFRmFpbtioVMZi4wmlemHARA7Ym1jA/getUpdates "HTTP/1.1 200 OK"
2025-07-17 11:33:24 | INFO | HTTP Request: POST https://api.telegram.org/bot7967045044:AAFq8jFRmFpbtioVMZi4wmlemHARA7Ym1jA/getUpdates "HTTP/1.1 200 OK"
2025-07-17 11:33:34 | INFO | HTTP Request: POST https://api.telegram.org/bot7967045044:AAFq8jFRmFpbtioVMZi4wmlemHARA7Ym1jA/getUpdates "HTTP/1.1 200 OK"
2025-07-17 11:33:44 | INFO | HTTP Request: POST https://api.telegram.org/bot7967045044:AAFq8jFRmFpbtioVMZi4wmlemHARA7Ym1jA/getUpdates "HTTP/1.1 200 OK"
2025-07-17 11:33:54 | INFO | HTTP Request: POST https://api.telegram.org/bot7967045044:AAFq8jFRmFpbtioVMZi4wmlemHARA7Ym1jA/getUpdates "HTTP/1.1 200 OK"
2025-07-17 11:34:04 | INFO | HTTP Request: POST https://api.telegram.org/bot7967045044:AAFq8jFRmFpbtioVMZi4wmlemHARA7Ym1jA/getUpdates "HTTP/1.1 200 OK"
2025-07-17 11:34:14 | INFO | HTTP Request: POST https://api.telegram.org/bot7967045044:AAFq8jFRmFpbtioVMZi4wmlemHARA7Ym1jA/getUpdates "HTTP/1.1 200 OK"
2025-07-17 11:34:24 | INFO | HTTP Request: POST https://api.telegram.org/bot7967045044:AAFq8jFRmFpbtioVMZi4wmlemHARA7Ym1jA/getUpdates "HTTP/1.1 200 OK"
2025-07-17 11:34:34 | INFO | HTTP Request: POST https://api.telegram.org/bot7967045044:AAFq8jFRmFpbtioVMZi4wmlemHARA7Ym1jA/getUpdates "HTTP/1.1 200 OK"
2025-07-17 11:34:44 | INFO | HTTP Request: POST https://api.telegram.org/bot7967045044:AAFq8jFRmFpbtioVMZi4wmlemHARA7Ym1jA/getUpdates "HTTP/1.1 200 OK"
2025-07-17 11:34:54 | INFO | HTTP Request: POST https://api.telegram.org/bot7967045044:AAFq8jFRmFpbtioVMZi4wmlemHARA7Ym1jA/getUpdates "HTTP/1.1 200 OK"
2025-07-17 11:35:04 | INFO | HTTP Request: POST https://api.telegram.org/bot7967045044:AAFq8jFRmFpbtioVMZi4wmlemHARA7Ym1jA/getUpdates "HTTP/1.1 200 OK"
2025-07-17 11:35:14 | INFO | HTTP Request: POST https://api.telegram.org/bot7967045044:AAFq8jFRmFpbtioVMZi4wmlemHARA7Ym1jA/getUpdates "HTTP/1.1 200 OK"
2025-07-17 11:35:24 | INFO | HTTP Request: POST https://api.telegram.org/bot7967045044:AAFq8jFRmFpbtioVMZi4wmlemHARA7Ym1jA/getUpdates "HTTP/1.1 200 OK"
2025-07-17 11:35:34 | INFO | HTTP Request: POST https://api.telegram.org/bot7967045044:AAFq8jFRmFpbtioVMZi4wmlemHARA7Ym1jA/getUpdates "HTTP/1.1 200 OK"
2025-07-17 11:35:44 | INFO | HTTP Request: POST https://api.telegram.org/bot7967045044:AAFq8jFRmFpbtioVMZi4wmlemHARA7Ym1jA/getUpdates "HTTP/1.1 200 OK"
2025-07-17 11:35:54 | INFO | HTTP Request: POST https://api.telegram.org/bot7967045044:AAFq8jFRmFpbtioVMZi4wmlemHARA7Ym1jA/getUpdates "HTTP/1.1 200 OK"
2025-07-17 11:36:05 | INFO | HTTP Request: POST https://api.telegram.org/bot7967045044:AAFq8jFRmFpbtioVMZi4wmlemHARA7Ym1jA/getUpdates "HTTP/1.1 200 OK"
2025-07-17 11:36:15 | INFO | HTTP Request: POST https://api.telegram.org/bot7967045044:AAFq8jFRmFpbtioVMZi4wmlemHARA7Ym1jA/getUpdates "HTTP/1.1 200 OK"
2025-07-17 11:36:25 | INFO | HTTP Request: POST https://api.telegram.org/bot7967045044:AAFq8jFRmFpbtioVMZi4wmlemHARA7Ym1jA/getUpdates "HTTP/1.1 200 OK"
2025-07-17 11:36:35 | INFO | HTTP Request: POST https://api.telegram.org/bot7967045044:AAFq8jFRmFpbtioVMZi4wmlemHARA7Ym1jA/getUpdates "HTTP/1.1 200 OK"
2025-07-17 11:36:45 | INFO | HTTP Request: POST https://api.telegram.org/bot7967045044:AAFq8jFRmFpbtioVMZi4wmlemHARA7Ym1jA/getUpdates "HTTP/1.1 200 OK"
2025-07-17 11:36:55 | INFO | HTTP Request: POST https://api.telegram.org/bot7967045044:AAFq8jFRmFpbtioVMZi4wmlemHARA7Ym1jA/getUpdates "HTTP/1.1 200 OK"
2025-07-17 11:37:05 | INFO | HTTP Request: POST https://api.telegram.org/bot7967045044:AAFq8jFRmFpbtioVMZi4wmlemHARA7Ym1jA/getUpdates "HTTP/1.1 200 OK"
2025-07-17 11:37:15 | INFO | HTTP Request: POST https://api.telegram.org/bot7967045044:AAFq8jFRmFpbtioVMZi4wmlemHARA7Ym1jA/getUpdates "HTTP/1.1 200 OK"
2025-07-17 11:37:25 | INFO | HTTP Request: POST https://api.telegram.org/bot7967045044:AAFq8jFRmFpbtioVMZi4wmlemHARA7Ym1jA/getUpdates "HTTP/1.1 200 OK"
2025-07-17 11:37:35 | INFO | HTTP Request: POST https://api.telegram.org/bot7967045044:AAFq8jFRmFpbtioVMZi4wmlemHARA7Ym1jA/getUpdates "HTTP/1.1 200 OK"
2025-07-17 11:37:45 | INFO | HTTP Request: POST https://api.telegram.org/bot7967045044:AAFq8jFRmFpbtioVMZi4wmlemHARA7Ym1jA/getUpdates "HTTP/1.1 200 OK"
2025-07-17 11:37:55 | INFO | HTTP Request: POST https://api.telegram.org/bot7967045044:AAFq8jFRmFpbtioVMZi4wmlemHARA7Ym1jA/getUpdates "HTTP/1.1 200 OK"
2025-07-17 11:38:05 | INFO | HTTP Request: POST https://api.telegram.org/bot7967045044:AAFq8jFRmFpbtioVMZi4wmlemHARA7Ym1jA/getUpdates "HTTP/1.1 200 OK"
2025-07-17 11:38:15 | INFO | HTTP Request: POST https://api.telegram.org/bot7967045044:AAFq8jFRmFpbtioVMZi4wmlemHARA7Ym1jA/getUpdates "HTTP/1.1 200 OK"
2025-07-17 11:38:25 | INFO | HTTP Request: POST https://api.telegram.org/bot7967045044:AAFq8jFRmFpbtioVMZi4wmlemHARA7Ym1jA/getUpdates "HTTP/1.1 200 OK"
2025-07-17 11:38:35 | INFO | HTTP Request: POST https://api.telegram.org/bot7967045044:AAFq8jFRmFpbtioVMZi4wmlemHARA7Ym1jA/getUpdates "HTTP/1.1 200 OK"
2025-07-17 11:38:45 | INFO | HTTP Request: POST https://api.telegram.org/bot7967045044:AAFq8jFRmFpbtioVMZi4wmlemHARA7Ym1jA/getUpdates "HTTP/1.1 200 OK"
2025-07-17 11:38:55 | INFO | HTTP Request: POST https://api.telegram.org/bot7967045044:AAFq8jFRmFpbtioVMZi4wmlemHARA7Ym1jA/getUpdates "HTTP/1.1 200 OK"
2025-07-17 11:39:05 | INFO | HTTP Request: POST https://api.telegram.org/bot7967045044:AAFq8jFRmFpbtioVMZi4wmlemHARA7Ym1jA/getUpdates "HTTP/1.1 200 OK"
2025-07-17 11:39:15 | INFO | HTTP Request: POST https://api.telegram.org/bot7967045044:AAFq8jFRmFpbtioVMZi4wmlemHARA7Ym1jA/getUpdates "HTTP/1.1 200 OK"
2025-07-17 11:39:25 | INFO | HTTP Request: POST https://api.telegram.org/bot7967045044:AAFq8jFRmFpbtioVMZi4wmlemHARA7Ym1jA/getUpdates "HTTP/1.1 200 OK"
2025-07-17 11:39:35 | INFO | HTTP Request: POST https://api.telegram.org/bot7967045044:AAFq8jFRmFpbtioVMZi4wmlemHARA7Ym1jA/getUpdates "HTTP/1.1 200 OK"
2025-07-17 11:39:45 | INFO | HTTP Request: POST https://api.telegram.org/bot7967045044:AAFq8jFRmFpbtioVMZi4wmlemHARA7Ym1jA/getUpdates "HTTP/1.1 200 OK"
2025-07-17 11:39:55 | INFO | HTTP Request: POST https://api.telegram.org/bot7967045044:AAFq8jFRmFpbtioVMZi4wmlemHARA7Ym1jA/getUpdates "HTTP/1.1 200 OK"
2025-07-17 11:40:05 | INFO | HTTP Request: POST https://api.telegram.org/bot7967045044:AAFq8jFRmFpbtioVMZi4wmlemHARA7Ym1jA/getUpdates "HTTP/1.1 200 OK"
2025-07-17 11:40:15 | INFO | HTTP Request: POST https://api.telegram.org/bot7967045044:AAFq8jFRmFpbtioVMZi4wmlemHARA7Ym1jA/getUpdates "HTTP/1.1 200 OK"
2025-07-17 11:40:26 | INFO | HTTP Request: POST https://api.telegram.org/bot7967045044:AAFq8jFRmFpbtioVMZi4wmlemHARA7Ym1jA/getUpdates "HTTP/1.1 200 OK"
2025-07-17 11:40:36 | INFO | HTTP Request: POST https://api.telegram.org/bot7967045044:AAFq8jFRmFpbtioVMZi4wmlemHARA7Ym1jA/getUpdates "HTTP/1.1 200 OK"
2025-07-17 11:40:46 | INFO | HTTP Request: POST https://api.telegram.org/bot7967045044:AAFq8jFRmFpbtioVMZi4wmlemHARA7Ym1jA/getUpdates "HTTP/1.1 200 OK"
2025-07-17 11:40:56 | INFO | HTTP Request: POST https://api.telegram.org/bot7967045044:AAFq8jFRmFpbtioVMZi4wmlemHARA7Ym1jA/getUpdates "HTTP/1.1 200 OK"
2025-07-17 11:41:06 | INFO | HTTP Request: POST https://api.telegram.org/bot7967045044:AAFq8jFRmFpbtioVMZi4wmlemHARA7Ym1jA/getUpdates "HTTP/1.1 200 OK"
2025-07-17 11:41:16 | INFO | HTTP Request: POST https://api.telegram.org/bot7967045044:AAFq8jFRmFpbtioVMZi4wmlemHARA7Ym1jA/getUpdates "HTTP/1.1 200 OK"
2025-07-17 11:41:26 | INFO | HTTP Request: POST https://api.telegram.org/bot7967045044:AAFq8jFRmFpbtioVMZi4wmlemHARA7Ym1jA/getUpdates "HTTP/1.1 200 OK"
2025-07-17 11:41:36 | INFO | HTTP Request: POST https://api.telegram.org/bot7967045044:AAFq8jFRmFpbtioVMZi4wmlemHARA7Ym1jA/getUpdates "HTTP/1.1 200 OK"
2025-07-17 11:41:46 | INFO | HTTP Request: POST https://api.telegram.org/bot7967045044:AAFq8jFRmFpbtioVMZi4wmlemHARA7Ym1jA/getUpdates "HTTP/1.1 200 OK"
2025-07-17 11:41:56 | INFO | HTTP Request: POST https://api.telegram.org/bot7967045044:AAFq8jFRmFpbtioVMZi4wmlemHARA7Ym1jA/getUpdates "HTTP/1.1 200 OK"
2025-07-17 11:42:06 | INFO | HTTP Request: POST https://api.telegram.org/bot7967045044:AAFq8jFRmFpbtioVMZi4wmlemHARA7Ym1jA/getUpdates "HTTP/1.1 200 OK"
2025-07-17 11:42:16 | INFO | HTTP Request: POST https://api.telegram.org/bot7967045044:AAFq8jFRmFpbtioVMZi4wmlemHARA7Ym1jA/getUpdates "HTTP/1.1 200 OK"
2025-07-17 11:42:26 | INFO | HTTP Request: POST https://api.telegram.org/bot7967045044:AAFq8jFRmFpbtioVMZi4wmlemHARA7Ym1jA/getUpdates "HTTP/1.1 200 OK"
2025-07-17 11:42:36 | INFO | HTTP Request: POST https://api.telegram.org/bot7967045044:AAFq8jFRmFpbtioVMZi4wmlemHARA7Ym1jA/getUpdates "HTTP/1.1 200 OK"
2025-07-17 11:42:46 | INFO | HTTP Request: POST https://api.telegram.org/bot7967045044:AAFq8jFRmFpbtioVMZi4wmlemHARA7Ym1jA/getUpdates "HTTP/1.1 200 OK"
2025-07-17 11:42:56 | INFO | HTTP Request: POST https://api.telegram.org/bot7967045044:AAFq8jFRmFpbtioVMZi4wmlemHARA7Ym1jA/getUpdates "HTTP/1.1 200 OK"
2025-07-17 11:43:06 | INFO | HTTP Request: POST https://api.telegram.org/bot7967045044:AAFq8jFRmFpbtioVMZi4wmlemHARA7Ym1jA/getUpdates "HTTP/1.1 200 OK"
2025-07-17 11:43:16 | INFO | HTTP Request: POST https://api.telegram.org/bot7967045044:AAFq8jFRmFpbtioVMZi4wmlemHARA7Ym1jA/getUpdates "HTTP/1.1 200 OK"
2025-07-17 11:43:26 | INFO | HTTP Request: POST https://api.telegram.org/bot7967045044:AAFq8jFRmFpbtioVMZi4wmlemHARA7Ym1jA/getUpdates "HTTP/1.1 200 OK"
2025-07-17 11:43:36 | INFO | HTTP Request: POST https://api.telegram.org/bot7967045044:AAFq8jFRmFpbtioVMZi4wmlemHARA7Ym1jA/getUpdates "HTTP/1.1 200 OK"
2025-07-17 11:43:46 | INFO | HTTP Request: POST https://api.telegram.org/bot7967045044:AAFq8jFRmFpbtioVMZi4wmlemHARA7Ym1jA/getUpdates "HTTP/1.1 200 OK"
2025-07-17 11:43:56 | INFO | HTTP Request: POST https://api.telegram.org/bot7967045044:AAFq8jFRmFpbtioVMZi4wmlemHARA7Ym1jA/getUpdates "HTTP/1.1 200 OK"
2025-07-17 11:44:07 | INFO | HTTP Request: POST https://api.telegram.org/bot7967045044:AAFq8jFRmFpbtioVMZi4wmlemHARA7Ym1jA/getUpdates "HTTP/1.1 200 OK"
2025-07-17 11:44:17 | INFO | HTTP Request: POST https://api.telegram.org/bot7967045044:AAFq8jFRmFpbtioVMZi4wmlemHARA7Ym1jA/getUpdates "HTTP/1.1 200 OK"
2025-07-17 11:44:27 | INFO | HTTP Request: POST https://api.telegram.org/bot7967045044:AAFq8jFRmFpbtioVMZi4wmlemHARA7Ym1jA/getUpdates "HTTP/1.1 200 OK"
2025-07-17 11:44:37 | INFO | HTTP Request: POST https://api.telegram.org/bot7967045044:AAFq8jFRmFpbtioVMZi4wmlemHARA7Ym1jA/getUpdates "HTTP/1.1 200 OK"
2025-07-17 11:44:47 | INFO | HTTP Request: POST https://api.telegram.org/bot7967045044:AAFq8jFRmFpbtioVMZi4wmlemHARA7Ym1jA/getUpdates "HTTP/1.1 200 OK"
2025-07-17 11:44:57 | INFO | HTTP Request: POST https://api.telegram.org/bot7967045044:AAFq8jFRmFpbtioVMZi4wmlemHARA7Ym1jA/getUpdates "HTTP/1.1 200 OK"
2025-07-17 11:45:07 | INFO | HTTP Request: POST https://api.telegram.org/bot7967045044:AAFq8jFRmFpbtioVMZi4wmlemHARA7Ym1jA/getUpdates "HTTP/1.1 200 OK"
2025-07-17 11:45:17 | INFO | HTTP Request: POST https://api.telegram.org/bot7967045044:AAFq8jFRmFpbtioVMZi4wmlemHARA7Ym1jA/getUpdates "HTTP/1.1 200 OK"
2025-07-17 11:45:27 | INFO | HTTP Request: POST https://api.telegram.org/bot7967045044:AAFq8jFRmFpbtioVMZi4wmlemHARA7Ym1jA/getUpdates "HTTP/1.1 200 OK"
2025-07-17 11:45:37 | INFO | HTTP Request: POST https://api.telegram.org/bot7967045044:AAFq8jFRmFpbtioVMZi4wmlemHARA7Ym1jA/getUpdates "HTTP/1.1 200 OK"
2025-07-17 11:45:47 | INFO | HTTP Request: POST https://api.telegram.org/bot7967045044:AAFq8jFRmFpbtioVMZi4wmlemHARA7Ym1jA/getUpdates "HTTP/1.1 200 OK"
2025-07-17 11:45:57 | INFO | HTTP Request: POST https://api.telegram.org/bot7967045044:AAFq8jFRmFpbtioVMZi4wmlemHARA7Ym1jA/getUpdates "HTTP/1.1 200 OK"
2025-07-17 11:46:07 | INFO | HTTP Request: POST https://api.telegram.org/bot7967045044:AAFq8jFRmFpbtioVMZi4wmlemHARA7Ym1jA/getUpdates "HTTP/1.1 200 OK"
2025-07-17 11:46:17 | INFO | HTTP Request: POST https://api.telegram.org/bot7967045044:AAFq8jFRmFpbtioVMZi4wmlemHARA7Ym1jA/getUpdates "HTTP/1.1 200 OK"
2025-07-17 11:46:27 | INFO | HTTP Request: POST https://api.telegram.org/bot7967045044:AAFq8jFRmFpbtioVMZi4wmlemHARA7Ym1jA/getUpdates "HTTP/1.1 200 OK"
2025-07-17 11:46:38 | INFO | HTTP Request: POST https://api.telegram.org/bot7967045044:AAFq8jFRmFpbtioVMZi4wmlemHARA7Ym1jA/getUpdates "HTTP/1.1 200 OK"
2025-07-17 11:46:48 | INFO | HTTP Request: POST https://api.telegram.org/bot7967045044:AAFq8jFRmFpbtioVMZi4wmlemHARA7Ym1jA/getUpdates "HTTP/1.1 200 OK"
2025-07-17 11:46:58 | INFO | HTTP Request: POST https://api.telegram.org/bot7967045044:AAFq8jFRmFpbtioVMZi4wmlemHARA7Ym1jA/getUpdates "HTTP/1.1 200 OK"
2025-07-17 11:47:08 | INFO | HTTP Request: POST https://api.telegram.org/bot7967045044:AAFq8jFRmFpbtioVMZi4wmlemHARA7Ym1jA/getUpdates "HTTP/1.1 200 OK"
2025-07-17 11:47:18 | INFO | HTTP Request: POST https://api.telegram.org/bot7967045044:AAFq8jFRmFpbtioVMZi4wmlemHARA7Ym1jA/getUpdates "HTTP/1.1 200 OK"
2025-07-17 11:47:28 | INFO | HTTP Request: POST https://api.telegram.org/bot7967045044:AAFq8jFRmFpbtioVMZi4wmlemHARA7Ym1jA/getUpdates "HTTP/1.1 200 OK"
2025-07-17 11:47:38 | INFO | HTTP Request: POST https://api.telegram.org/bot7967045044:AAFq8jFRmFpbtioVMZi4wmlemHARA7Ym1jA/getUpdates "HTTP/1.1 200 OK"
2025-07-17 11:47:48 | INFO | HTTP Request: POST https://api.telegram.org/bot7967045044:AAFq8jFRmFpbtioVMZi4wmlemHARA7Ym1jA/getUpdates "HTTP/1.1 200 OK"
2025-07-17 11:47:58 | INFO | HTTP Request: POST https://api.telegram.org/bot7967045044:AAFq8jFRmFpbtioVMZi4wmlemHARA7Ym1jA/getUpdates "HTTP/1.1 200 OK"
2025-07-17 11:48:08 | INFO | HTTP Request: POST https://api.telegram.org/bot7967045044:AAFq8jFRmFpbtioVMZi4wmlemHARA7Ym1jA/getUpdates "HTTP/1.1 200 OK"
2025-07-17 11:48:18 | INFO | HTTP Request: POST https://api.telegram.org/bot7967045044:AAFq8jFRmFpbtioVMZi4wmlemHARA7Ym1jA/getUpdates "HTTP/1.1 200 OK"
2025-07-17 11:48:28 | INFO | HTTP Request: POST https://api.telegram.org/bot7967045044:AAFq8jFRmFpbtioVMZi4wmlemHARA7Ym1jA/getUpdates "HTTP/1.1 200 OK"
2025-07-17 11:48:38 | INFO | HTTP Request: POST https://api.telegram.org/bot7967045044:AAFq8jFRmFpbtioVMZi4wmlemHARA7Ym1jA/getUpdates "HTTP/1.1 200 OK"
2025-07-17 11:48:48 | INFO | HTTP Request: POST https://api.telegram.org/bot7967045044:AAFq8jFRmFpbtioVMZi4wmlemHARA7Ym1jA/getUpdates "HTTP/1.1 200 OK"
2025-07-17 11:48:58 | INFO | HTTP Request: POST https://api.telegram.org/bot7967045044:AAFq8jFRmFpbtioVMZi4wmlemHARA7Ym1jA/getUpdates "HTTP/1.1 200 OK"
2025-07-17 11:49:08 | INFO | HTTP Request: POST https://api.telegram.org/bot7967045044:AAFq8jFRmFpbtioVMZi4wmlemHARA7Ym1jA/getUpdates "HTTP/1.1 200 OK"
2025-07-17 11:49:18 | INFO | HTTP Request: POST https://api.telegram.org/bot7967045044:AAFq8jFRmFpbtioVMZi4wmlemHARA7Ym1jA/getUpdates "HTTP/1.1 200 OK"
2025-07-17 11:49:28 | INFO | HTTP Request: POST https://api.telegram.org/bot7967045044:AAFq8jFRmFpbtioVMZi4wmlemHARA7Ym1jA/getUpdates "HTTP/1.1 200 OK"
2025-07-17 11:49:38 | INFO | HTTP Request: POST https://api.telegram.org/bot7967045044:AAFq8jFRmFpbtioVMZi4wmlemHARA7Ym1jA/getUpdates "HTTP/1.1 200 OK"
2025-07-17 11:49:49 | INFO | HTTP Request: POST https://api.telegram.org/bot7967045044:AAFq8jFRmFpbtioVMZi4wmlemHARA7Ym1jA/getUpdates "HTTP/1.1 200 OK"
2025-07-17 11:49:59 | INFO | HTTP Request: POST https://api.telegram.org/bot7967045044:AAFq8jFRmFpbtioVMZi4wmlemHARA7Ym1jA/getUpdates "HTTP/1.1 200 OK"
2025-07-17 11:50:09 | INFO | HTTP Request: POST https://api.telegram.org/bot7967045044:AAFq8jFRmFpbtioVMZi4wmlemHARA7Ym1jA/getUpdates "HTTP/1.1 200 OK"
2025-07-17 11:50:19 | INFO | HTTP Request: POST https://api.telegram.org/bot7967045044:AAFq8jFRmFpbtioVMZi4wmlemHARA7Ym1jA/getUpdates "HTTP/1.1 200 OK"
2025-07-17 11:50:29 | INFO | HTTP Request: POST https://api.telegram.org/bot7967045044:AAFq8jFRmFpbtioVMZi4wmlemHARA7Ym1jA/getUpdates "HTTP/1.1 200 OK"
2025-07-17 11:50:39 | INFO | HTTP Request: POST https://api.telegram.org/bot7967045044:AAFq8jFRmFpbtioVMZi4wmlemHARA7Ym1jA/getUpdates "HTTP/1.1 200 OK"
2025-07-17 11:50:49 | INFO | HTTP Request: POST https://api.telegram.org/bot7967045044:AAFq8jFRmFpbtioVMZi4wmlemHARA7Ym1jA/getUpdates "HTTP/1.1 200 OK"
2025-07-17 11:50:59 | INFO | HTTP Request: POST https://api.telegram.org/bot7967045044:AAFq8jFRmFpbtioVMZi4wmlemHARA7Ym1jA/getUpdates "HTTP/1.1 200 OK"
2025-07-17 11:51:09 | INFO | HTTP Request: POST https://api.telegram.org/bot7967045044:AAFq8jFRmFpbtioVMZi4wmlemHARA7Ym1jA/getUpdates "HTTP/1.1 200 OK"
2025-07-17 11:51:19 | INFO | HTTP Request: POST https://api.telegram.org/bot7967045044:AAFq8jFRmFpbtioVMZi4wmlemHARA7Ym1jA/getUpdates "HTTP/1.1 200 OK"
2025-07-17 11:51:29 | INFO | HTTP Request: POST https://api.telegram.org/bot7967045044:AAFq8jFRmFpbtioVMZi4wmlemHARA7Ym1jA/getUpdates "HTTP/1.1 200 OK"
2025-07-17 11:51:39 | INFO | HTTP Request: POST https://api.telegram.org/bot7967045044:AAFq8jFRmFpbtioVMZi4wmlemHARA7Ym1jA/getUpdates "HTTP/1.1 200 OK"
2025-07-17 11:51:49 | INFO | HTTP Request: POST https://api.telegram.org/bot7967045044:AAFq8jFRmFpbtioVMZi4wmlemHARA7Ym1jA/getUpdates "HTTP/1.1 200 OK"
2025-07-17 11:51:59 | INFO | HTTP Request: POST https://api.telegram.org/bot7967045044:AAFq8jFRmFpbtioVMZi4wmlemHARA7Ym1jA/getUpdates "HTTP/1.1 200 OK"
2025-07-17 11:52:09 | INFO | HTTP Request: POST https://api.telegram.org/bot7967045044:AAFq8jFRmFpbtioVMZi4wmlemHARA7Ym1jA/getUpdates "HTTP/1.1 200 OK"
2025-07-17 11:52:19 | INFO | HTTP Request: POST https://api.telegram.org/bot7967045044:AAFq8jFRmFpbtioVMZi4wmlemHARA7Ym1jA/getUpdates "HTTP/1.1 200 OK"
2025-07-17 11:52:29 | INFO | HTTP Request: POST https://api.telegram.org/bot7967045044:AAFq8jFRmFpbtioVMZi4wmlemHARA7Ym1jA/getUpdates "HTTP/1.1 200 OK"
2025-07-17 11:52:39 | INFO | HTTP Request: POST https://api.telegram.org/bot7967045044:AAFq8jFRmFpbtioVMZi4wmlemHARA7Ym1jA/getUpdates "HTTP/1.1 200 OK"
2025-07-17 11:52:49 | INFO | HTTP Request: POST https://api.telegram.org/bot7967045044:AAFq8jFRmFpbtioVMZi4wmlemHARA7Ym1jA/getUpdates "HTTP/1.1 200 OK"
2025-07-17 11:52:59 | INFO | HTTP Request: POST https://api.telegram.org/bot7967045044:AAFq8jFRmFpbtioVMZi4wmlemHARA7Ym1jA/getUpdates "HTTP/1.1 200 OK"
2025-07-17 11:53:09 | INFO | HTTP Request: POST https://api.telegram.org/bot7967045044:AAFq8jFRmFpbtioVMZi4wmlemHARA7Ym1jA/getUpdates "HTTP/1.1 200 OK"
2025-07-17 11:53:20 | INFO | HTTP Request: POST https://api.telegram.org/bot7967045044:AAFq8jFRmFpbtioVMZi4wmlemHARA7Ym1jA/getUpdates "HTTP/1.1 200 OK"
2025-07-17 11:53:30 | INFO | HTTP Request: POST https://api.telegram.org/bot7967045044:AAFq8jFRmFpbtioVMZi4wmlemHARA7Ym1jA/getUpdates "HTTP/1.1 200 OK"
2025-07-17 11:53:40 | INFO | HTTP Request: POST https://api.telegram.org/bot7967045044:AAFq8jFRmFpbtioVMZi4wmlemHARA7Ym1jA/getUpdates "HTTP/1.1 200 OK"
2025-07-17 11:53:50 | INFO | HTTP Request: POST https://api.telegram.org/bot7967045044:AAFq8jFRmFpbtioVMZi4wmlemHARA7Ym1jA/getUpdates "HTTP/1.1 200 OK"
2025-07-17 11:54:00 | INFO | HTTP Request: POST https://api.telegram.org/bot7967045044:AAFq8jFRmFpbtioVMZi4wmlemHARA7Ym1jA/getUpdates "HTTP/1.1 200 OK"
2025-07-17 11:54:10 | INFO | HTTP Request: POST https://api.telegram.org/bot7967045044:AAFq8jFRmFpbtioVMZi4wmlemHARA7Ym1jA/getUpdates "HTTP/1.1 200 OK"
2025-07-17 11:54:20 | INFO | HTTP Request: POST https://api.telegram.org/bot7967045044:AAFq8jFRmFpbtioVMZi4wmlemHARA7Ym1jA/getUpdates "HTTP/1.1 200 OK"
2025-07-17 11:54:30 | INFO | HTTP Request: POST https://api.telegram.org/bot7967045044:AAFq8jFRmFpbtioVMZi4wmlemHARA7Ym1jA/getUpdates "HTTP/1.1 200 OK"
2025-07-17 11:54:40 | INFO | HTTP Request: POST https://api.telegram.org/bot7967045044:AAFq8jFRmFpbtioVMZi4wmlemHARA7Ym1jA/getUpdates "HTTP/1.1 200 OK"
2025-07-17 11:54:50 | INFO | HTTP Request: POST https://api.telegram.org/bot7967045044:AAFq8jFRmFpbtioVMZi4wmlemHARA7Ym1jA/getUpdates "HTTP/1.1 200 OK"
2025-07-17 11:55:00 | INFO | HTTP Request: POST https://api.telegram.org/bot7967045044:AAFq8jFRmFpbtioVMZi4wmlemHARA7Ym1jA/getUpdates "HTTP/1.1 200 OK"
2025-07-17 11:55:10 | INFO | HTTP Request: POST https://api.telegram.org/bot7967045044:AAFq8jFRmFpbtioVMZi4wmlemHARA7Ym1jA/getUpdates "HTTP/1.1 200 OK"
2025-07-17 11:55:20 | INFO | HTTP Request: POST https://api.telegram.org/bot7967045044:AAFq8jFRmFpbtioVMZi4wmlemHARA7Ym1jA/getUpdates "HTTP/1.1 200 OK"
2025-07-17 11:55:30 | INFO | HTTP Request: POST https://api.telegram.org/bot7967045044:AAFq8jFRmFpbtioVMZi4wmlemHARA7Ym1jA/getUpdates "HTTP/1.1 200 OK"
2025-07-17 11:55:40 | INFO | HTTP Request: POST https://api.telegram.org/bot7967045044:AAFq8jFRmFpbtioVMZi4wmlemHARA7Ym1jA/getUpdates "HTTP/1.1 200 OK"
2025-07-17 11:55:50 | INFO | HTTP Request: POST https://api.telegram.org/bot7967045044:AAFq8jFRmFpbtioVMZi4wmlemHARA7Ym1jA/getUpdates "HTTP/1.1 200 OK"
2025-07-17 11:56:00 | INFO | HTTP Request: POST https://api.telegram.org/bot7967045044:AAFq8jFRmFpbtioVMZi4wmlemHARA7Ym1jA/getUpdates "HTTP/1.1 200 OK"
2025-07-17 11:56:10 | INFO | HTTP Request: POST https://api.telegram.org/bot7967045044:AAFq8jFRmFpbtioVMZi4wmlemHARA7Ym1jA/getUpdates "HTTP/1.1 200 OK"
2025-07-17 11:56:20 | INFO | HTTP Request: POST https://api.telegram.org/bot7967045044:AAFq8jFRmFpbtioVMZi4wmlemHARA7Ym1jA/getUpdates "HTTP/1.1 200 OK"
2025-07-17 11:56:30 | INFO | HTTP Request: POST https://api.telegram.org/bot7967045044:AAFq8jFRmFpbtioVMZi4wmlemHARA7Ym1jA/getUpdates "HTTP/1.1 200 OK"
2025-07-17 11:56:40 | INFO | HTTP Request: POST https://api.telegram.org/bot7967045044:AAFq8jFRmFpbtioVMZi4wmlemHARA7Ym1jA/getUpdates "HTTP/1.1 200 OK"
2025-07-17 11:56:50 | INFO | HTTP Request: POST https://api.telegram.org/bot7967045044:AAFq8jFRmFpbtioVMZi4wmlemHARA7Ym1jA/getUpdates "HTTP/1.1 200 OK"
2025-07-17 11:57:00 | INFO | HTTP Request: POST https://api.telegram.org/bot7967045044:AAFq8jFRmFpbtioVMZi4wmlemHARA7Ym1jA/getUpdates "HTTP/1.1 200 OK"
2025-07-17 11:57:10 | INFO | HTTP Request: POST https://api.telegram.org/bot7967045044:AAFq8jFRmFpbtioVMZi4wmlemHARA7Ym1jA/getUpdates "HTTP/1.1 200 OK"
2025-07-17 11:57:21 | INFO | HTTP Request: POST https://api.telegram.org/bot7967045044:AAFq8jFRmFpbtioVMZi4wmlemHARA7Ym1jA/getUpdates "HTTP/1.1 200 OK"
2025-07-17 11:57:31 | INFO | HTTP Request: POST https://api.telegram.org/bot7967045044:AAFq8jFRmFpbtioVMZi4wmlemHARA7Ym1jA/getUpdates "HTTP/1.1 200 OK"
2025-07-17 11:57:41 | INFO | HTTP Request: POST https://api.telegram.org/bot7967045044:AAFq8jFRmFpbtioVMZi4wmlemHARA7Ym1jA/getUpdates "HTTP/1.1 200 OK"
2025-07-17 11:57:51 | INFO | HTTP Request: POST https://api.telegram.org/bot7967045044:AAFq8jFRmFpbtioVMZi4wmlemHARA7Ym1jA/getUpdates "HTTP/1.1 200 OK"
2025-07-17 11:58:01 | INFO | HTTP Request: POST https://api.telegram.org/bot7967045044:AAFq8jFRmFpbtioVMZi4wmlemHARA7Ym1jA/getUpdates "HTTP/1.1 200 OK"
2025-07-17 11:58:11 | INFO | HTTP Request: POST https://api.telegram.org/bot7967045044:AAFq8jFRmFpbtioVMZi4wmlemHARA7Ym1jA/getUpdates "HTTP/1.1 200 OK"
2025-07-17 11:58:21 | INFO | HTTP Request: POST https://api.telegram.org/bot7967045044:AAFq8jFRmFpbtioVMZi4wmlemHARA7Ym1jA/getUpdates "HTTP/1.1 200 OK"
2025-07-17 11:58:31 | INFO | HTTP Request: POST https://api.telegram.org/bot7967045044:AAFq8jFRmFpbtioVMZi4wmlemHARA7Ym1jA/getUpdates "HTTP/1.1 200 OK"
2025-07-17 11:58:41 | INFO | HTTP Request: POST https://api.telegram.org/bot7967045044:AAFq8jFRmFpbtioVMZi4wmlemHARA7Ym1jA/getUpdates "HTTP/1.1 200 OK"
2025-07-17 11:58:51 | INFO | HTTP Request: POST https://api.telegram.org/bot7967045044:AAFq8jFRmFpbtioVMZi4wmlemHARA7Ym1jA/getUpdates "HTTP/1.1 200 OK"
2025-07-17 11:59:01 | INFO | HTTP Request: POST https://api.telegram.org/bot7967045044:AAFq8jFRmFpbtioVMZi4wmlemHARA7Ym1jA/getUpdates "HTTP/1.1 200 OK"
2025-07-17 11:59:11 | INFO | HTTP Request: POST https://api.telegram.org/bot7967045044:AAFq8jFRmFpbtioVMZi4wmlemHARA7Ym1jA/getUpdates "HTTP/1.1 200 OK"
2025-07-17 11:59:21 | INFO | HTTP Request: POST https://api.telegram.org/bot7967045044:AAFq8jFRmFpbtioVMZi4wmlemHARA7Ym1jA/getUpdates "HTTP/1.1 200 OK"
2025-07-17 11:59:31 | INFO | HTTP Request: POST https://api.telegram.org/bot7967045044:AAFq8jFRmFpbtioVMZi4wmlemHARA7Ym1jA/getUpdates "HTTP/1.1 200 OK"
2025-07-17 11:59:41 | INFO | HTTP Request: POST https://api.telegram.org/bot7967045044:AAFq8jFRmFpbtioVMZi4wmlemHARA7Ym1jA/getUpdates "HTTP/1.1 200 OK"
2025-07-17 11:59:51 | INFO | HTTP Request: POST https://api.telegram.org/bot7967045044:AAFq8jFRmFpbtioVMZi4wmlemHARA7Ym1jA/getUpdates "HTTP/1.1 200 OK"
2025-07-17 12:00:01 | INFO | HTTP Request: POST https://api.telegram.org/bot7967045044:AAFq8jFRmFpbtioVMZi4wmlemHARA7Ym1jA/getUpdates "HTTP/1.1 200 OK"
2025-07-17 12:00:11 | INFO | HTTP Request: POST https://api.telegram.org/bot7967045044:AAFq8jFRmFpbtioVMZi4wmlemHARA7Ym1jA/getUpdates "HTTP/1.1 200 OK"
2025-07-17 12:00:21 | INFO | HTTP Request: POST https://api.telegram.org/bot7967045044:AAFq8jFRmFpbtioVMZi4wmlemHARA7Ym1jA/getUpdates "HTTP/1.1 200 OK"
2025-07-17 12:00:31 | INFO | HTTP Request: POST https://api.telegram.org/bot7967045044:AAFq8jFRmFpbtioVMZi4wmlemHARA7Ym1jA/getUpdates "HTTP/1.1 200 OK"
2025-07-17 12:00:41 | INFO | HTTP Request: POST https://api.telegram.org/bot7967045044:AAFq8jFRmFpbtioVMZi4wmlemHARA7Ym1jA/getUpdates "HTTP/1.1 200 OK"
2025-07-17 12:00:51 | INFO | HTTP Request: POST https://api.telegram.org/bot7967045044:AAFq8jFRmFpbtioVMZi4wmlemHARA7Ym1jA/getUpdates "HTTP/1.1 200 OK"
2025-07-17 12:01:01 | INFO | HTTP Request: POST https://api.telegram.org/bot7967045044:AAFq8jFRmFpbtioVMZi4wmlemHARA7Ym1jA/getUpdates "HTTP/1.1 200 OK"
2025-07-17 12:01:11 | INFO | HTTP Request: POST https://api.telegram.org/bot7967045044:AAFq8jFRmFpbtioVMZi4wmlemHARA7Ym1jA/getUpdates "HTTP/1.1 200 OK"
2025-07-17 12:01:21 | INFO | HTTP Request: POST https://api.telegram.org/bot7967045044:AAFq8jFRmFpbtioVMZi4wmlemHARA7Ym1jA/getUpdates "HTTP/1.1 200 OK"
2025-07-17 12:01:32 | INFO | HTTP Request: POST https://api.telegram.org/bot7967045044:AAFq8jFRmFpbtioVMZi4wmlemHARA7Ym1jA/getUpdates "HTTP/1.1 200 OK"
2025-07-17 12:01:42 | INFO | HTTP Request: POST https://api.telegram.org/bot7967045044:AAFq8jFRmFpbtioVMZi4wmlemHARA7Ym1jA/getUpdates "HTTP/1.1 200 OK"
2025-07-17 12:01:52 | INFO | HTTP Request: POST https://api.telegram.org/bot7967045044:AAFq8jFRmFpbtioVMZi4wmlemHARA7Ym1jA/getUpdates "HTTP/1.1 200 OK"
2025-07-17 12:02:02 | INFO | HTTP Request: POST https://api.telegram.org/bot7967045044:AAFq8jFRmFpbtioVMZi4wmlemHARA7Ym1jA/getUpdates "HTTP/1.1 200 OK"
2025-07-17 12:02:12 | INFO | HTTP Request: POST https://api.telegram.org/bot7967045044:AAFq8jFRmFpbtioVMZi4wmlemHARA7Ym1jA/getUpdates "HTTP/1.1 200 OK"
2025-07-17 12:02:22 | INFO | HTTP Request: POST https://api.telegram.org/bot7967045044:AAFq8jFRmFpbtioVMZi4wmlemHARA7Ym1jA/getUpdates "HTTP/1.1 200 OK"
2025-07-17 12:02:32 | INFO | HTTP Request: POST https://api.telegram.org/bot7967045044:AAFq8jFRmFpbtioVMZi4wmlemHARA7Ym1jA/getUpdates "HTTP/1.1 200 OK"
2025-07-17 12:02:42 | INFO | HTTP Request: POST https://api.telegram.org/bot7967045044:AAFq8jFRmFpbtioVMZi4wmlemHARA7Ym1jA/getUpdates "HTTP/1.1 200 OK"
2025-07-17 12:02:52 | INFO | HTTP Request: POST https://api.telegram.org/bot7967045044:AAFq8jFRmFpbtioVMZi4wmlemHARA7Ym1jA/getUpdates "HTTP/1.1 200 OK"
2025-07-17 12:03:02 | INFO | HTTP Request: POST https://api.telegram.org/bot7967045044:AAFq8jFRmFpbtioVMZi4wmlemHARA7Ym1jA/getUpdates "HTTP/1.1 200 OK"
2025-07-17 12:03:12 | INFO | HTTP Request: POST https://api.telegram.org/bot7967045044:AAFq8jFRmFpbtioVMZi4wmlemHARA7Ym1jA/getUpdates "HTTP/1.1 200 OK"
2025-07-17 12:03:22 | INFO | HTTP Request: POST https://api.telegram.org/bot7967045044:AAFq8jFRmFpbtioVMZi4wmlemHARA7Ym1jA/getUpdates "HTTP/1.1 200 OK"
2025-07-17 12:03:32 | INFO | HTTP Request: POST https://api.telegram.org/bot7967045044:AAFq8jFRmFpbtioVMZi4wmlemHARA7Ym1jA/getUpdates "HTTP/1.1 200 OK"
2025-07-17 12:03:42 | INFO | HTTP Request: POST https://api.telegram.org/bot7967045044:AAFq8jFRmFpbtioVMZi4wmlemHARA7Ym1jA/getUpdates "HTTP/1.1 200 OK"
2025-07-17 12:03:52 | INFO | HTTP Request: POST https://api.telegram.org/bot7967045044:AAFq8jFRmFpbtioVMZi4wmlemHARA7Ym1jA/getUpdates "HTTP/1.1 200 OK"
2025-07-17 12:04:02 | INFO | HTTP Request: POST https://api.telegram.org/bot7967045044:AAFq8jFRmFpbtioVMZi4wmlemHARA7Ym1jA/getUpdates "HTTP/1.1 200 OK"
2025-07-17 12:04:12 | INFO | HTTP Request: POST https://api.telegram.org/bot7967045044:AAFq8jFRmFpbtioVMZi4wmlemHARA7Ym1jA/getUpdates "HTTP/1.1 200 OK"
2025-07-17 12:04:22 | INFO | HTTP Request: POST https://api.telegram.org/bot7967045044:AAFq8jFRmFpbtioVMZi4wmlemHARA7Ym1jA/getUpdates "HTTP/1.1 200 OK"
2025-07-17 12:04:32 | INFO | HTTP Request: POST https://api.telegram.org/bot7967045044:AAFq8jFRmFpbtioVMZi4wmlemHARA7Ym1jA/getUpdates "HTTP/1.1 200 OK"
2025-07-17 12:04:42 | INFO | HTTP Request: POST https://api.telegram.org/bot7967045044:AAFq8jFRmFpbtioVMZi4wmlemHARA7Ym1jA/getUpdates "HTTP/1.1 200 OK"
2025-07-17 12:04:52 | INFO | HTTP Request: POST https://api.telegram.org/bot7967045044:AAFq8jFRmFpbtioVMZi4wmlemHARA7Ym1jA/getUpdates "HTTP/1.1 200 OK"
2025-07-17 12:05:02 | INFO | HTTP Request: POST https://api.telegram.org/bot7967045044:AAFq8jFRmFpbtioVMZi4wmlemHARA7Ym1jA/getUpdates "HTTP/1.1 200 OK"
2025-07-17 12:05:12 | INFO | HTTP Request: POST https://api.telegram.org/bot7967045044:AAFq8jFRmFpbtioVMZi4wmlemHARA7Ym1jA/getUpdates "HTTP/1.1 200 OK"
2025-07-17 12:05:23 | INFO | HTTP Request: POST https://api.telegram.org/bot7967045044:AAFq8jFRmFpbtioVMZi4wmlemHARA7Ym1jA/getUpdates "HTTP/1.1 200 OK"
2025-07-17 12:05:33 | INFO | HTTP Request: POST https://api.telegram.org/bot7967045044:AAFq8jFRmFpbtioVMZi4wmlemHARA7Ym1jA/getUpdates "HTTP/1.1 200 OK"
2025-07-17 12:05:43 | INFO | HTTP Request: POST https://api.telegram.org/bot7967045044:AAFq8jFRmFpbtioVMZi4wmlemHARA7Ym1jA/getUpdates "HTTP/1.1 200 OK"
2025-07-17 12:05:53 | INFO | HTTP Request: POST https://api.telegram.org/bot7967045044:AAFq8jFRmFpbtioVMZi4wmlemHARA7Ym1jA/getUpdates "HTTP/1.1 200 OK"
2025-07-17 12:06:03 | INFO | HTTP Request: POST https://api.telegram.org/bot7967045044:AAFq8jFRmFpbtioVMZi4wmlemHARA7Ym1jA/getUpdates "HTTP/1.1 200 OK"
2025-07-17 12:06:13 | INFO | HTTP Request: POST https://api.telegram.org/bot7967045044:AAFq8jFRmFpbtioVMZi4wmlemHARA7Ym1jA/getUpdates "HTTP/1.1 200 OK"
2025-07-17 12:06:23 | INFO | HTTP Request: POST https://api.telegram.org/bot7967045044:AAFq8jFRmFpbtioVMZi4wmlemHARA7Ym1jA/getUpdates "HTTP/1.1 200 OK"
2025-07-17 12:06:32 | INFO | HTTP Request: POST https://api.telegram.org/bot7967045044:AAFq8jFRmFpbtioVMZi4wmlemHARA7Ym1jA/getUpdates "HTTP/1.1 200 OK"
2025-07-17 12:06:33 | INFO | HTTP Request: POST https://api.telegram.org/bot7967045044:AAFq8jFRmFpbtioVMZi4wmlemHARA7Ym1jA/sendMessage "HTTP/1.1 200 OK"
2025-07-17 12:06:42 | INFO | HTTP Request: POST https://api.telegram.org/bot7967045044:AAFq8jFRmFpbtioVMZi4wmlemHARA7Ym1jA/getUpdates "HTTP/1.1 200 OK"
2025-07-17 12:06:52 | INFO | HTTP Request: POST https://api.telegram.org/bot7967045044:AAFq8jFRmFpbtioVMZi4wmlemHARA7Ym1jA/getUpdates "HTTP/1.1 200 OK"
2025-07-17 12:07:02 | INFO | HTTP Request: POST https://api.telegram.org/bot7967045044:AAFq8jFRmFpbtioVMZi4wmlemHARA7Ym1jA/getUpdates "HTTP/1.1 200 OK"
2025-07-17 12:07:12 | INFO | HTTP Request: POST https://api.telegram.org/bot7967045044:AAFq8jFRmFpbtioVMZi4wmlemHARA7Ym1jA/getUpdates "HTTP/1.1 200 OK"
2025-07-17 12:07:22 | INFO | HTTP Request: POST https://api.telegram.org/bot7967045044:AAFq8jFRmFpbtioVMZi4wmlemHARA7Ym1jA/getUpdates "HTTP/1.1 200 OK"
2025-07-17 12:07:32 | INFO | HTTP Request: POST https://api.telegram.org/bot7967045044:AAFq8jFRmFpbtioVMZi4wmlemHARA7Ym1jA/getUpdates "HTTP/1.1 200 OK"
2025-07-17 12:07:42 | INFO | HTTP Request: POST https://api.telegram.org/bot7967045044:AAFq8jFRmFpbtioVMZi4wmlemHARA7Ym1jA/getUpdates "HTTP/1.1 200 OK"
2025-07-17 12:07:52 | INFO | HTTP Request: POST https://api.telegram.org/bot7967045044:AAFq8jFRmFpbtioVMZi4wmlemHARA7Ym1jA/getUpdates "HTTP/1.1 200 OK"
2025-07-17 12:08:03 | INFO | HTTP Request: POST https://api.telegram.org/bot7967045044:AAFq8jFRmFpbtioVMZi4wmlemHARA7Ym1jA/getUpdates "HTTP/1.1 200 OK"
2025-07-17 12:08:13 | INFO | HTTP Request: POST https://api.telegram.org/bot7967045044:AAFq8jFRmFpbtioVMZi4wmlemHARA7Ym1jA/getUpdates "HTTP/1.1 200 OK"
2025-07-17 12:08:23 | INFO | HTTP Request: POST https://api.telegram.org/bot7967045044:AAFq8jFRmFpbtioVMZi4wmlemHARA7Ym1jA/getUpdates "HTTP/1.1 200 OK"
2025-07-17 12:08:33 | INFO | HTTP Request: POST https://api.telegram.org/bot7967045044:AAFq8jFRmFpbtioVMZi4wmlemHARA7Ym1jA/getUpdates "HTTP/1.1 200 OK"
2025-07-17 12:08:43 | INFO | HTTP Request: POST https://api.telegram.org/bot7967045044:AAFq8jFRmFpbtioVMZi4wmlemHARA7Ym1jA/getUpdates "HTTP/1.1 200 OK"
2025-07-17 12:08:53 | INFO | HTTP Request: POST https://api.telegram.org/bot7967045044:AAFq8jFRmFpbtioVMZi4wmlemHARA7Ym1jA/getUpdates "HTTP/1.1 200 OK"
2025-07-17 12:09:03 | INFO | HTTP Request: POST https://api.telegram.org/bot7967045044:AAFq8jFRmFpbtioVMZi4wmlemHARA7Ym1jA/getUpdates "HTTP/1.1 200 OK"
2025-07-17 12:09:13 | INFO | HTTP Request: POST https://api.telegram.org/bot7967045044:AAFq8jFRmFpbtioVMZi4wmlemHARA7Ym1jA/getUpdates "HTTP/1.1 200 OK"
2025-07-17 12:09:23 | INFO | HTTP Request: POST https://api.telegram.org/bot7967045044:AAFq8jFRmFpbtioVMZi4wmlemHARA7Ym1jA/getUpdates "HTTP/1.1 200 OK"
2025-07-17 12:09:33 | INFO | HTTP Request: POST https://api.telegram.org/bot7967045044:AAFq8jFRmFpbtioVMZi4wmlemHARA7Ym1jA/getUpdates "HTTP/1.1 200 OK"
2025-07-17 12:09:43 | INFO | HTTP Request: POST https://api.telegram.org/bot7967045044:AAFq8jFRmFpbtioVMZi4wmlemHARA7Ym1jA/getUpdates "HTTP/1.1 200 OK"
2025-07-17 12:09:53 | INFO | HTTP Request: POST https://api.telegram.org/bot7967045044:AAFq8jFRmFpbtioVMZi4wmlemHARA7Ym1jA/getUpdates "HTTP/1.1 200 OK"
2025-07-17 12:10:03 | INFO | HTTP Request: POST https://api.telegram.org/bot7967045044:AAFq8jFRmFpbtioVMZi4wmlemHARA7Ym1jA/getUpdates "HTTP/1.1 200 OK"
2025-07-17 12:10:13 | INFO | HTTP Request: POST https://api.telegram.org/bot7967045044:AAFq8jFRmFpbtioVMZi4wmlemHARA7Ym1jA/getUpdates "HTTP/1.1 200 OK"
2025-07-17 12:10:23 | INFO | HTTP Request: POST https://api.telegram.org/bot7967045044:AAFq8jFRmFpbtioVMZi4wmlemHARA7Ym1jA/getUpdates "HTTP/1.1 200 OK"
2025-07-17 12:10:33 | INFO | HTTP Request: POST https://api.telegram.org/bot7967045044:AAFq8jFRmFpbtioVMZi4wmlemHARA7Ym1jA/getUpdates "HTTP/1.1 200 OK"
2025-07-17 12:10:43 | INFO | HTTP Request: POST https://api.telegram.org/bot7967045044:AAFq8jFRmFpbtioVMZi4wmlemHARA7Ym1jA/getUpdates "HTTP/1.1 200 OK"
2025-07-17 12:10:53 | INFO | HTTP Request: POST https://api.telegram.org/bot7967045044:AAFq8jFRmFpbtioVMZi4wmlemHARA7Ym1jA/getUpdates "HTTP/1.1 200 OK"
2025-07-17 12:11:03 | INFO | HTTP Request: POST https://api.telegram.org/bot7967045044:AAFq8jFRmFpbtioVMZi4wmlemHARA7Ym1jA/getUpdates "HTTP/1.1 200 OK"
2025-07-17 12:11:13 | INFO | HTTP Request: POST https://api.telegram.org/bot7967045044:AAFq8jFRmFpbtioVMZi4wmlemHARA7Ym1jA/getUpdates "HTTP/1.1 200 OK"
2025-07-17 12:11:23 | INFO | HTTP Request: POST https://api.telegram.org/bot7967045044:AAFq8jFRmFpbtioVMZi4wmlemHARA7Ym1jA/getUpdates "HTTP/1.1 200 OK"
2025-07-17 12:11:33 | INFO | HTTP Request: POST https://api.telegram.org/bot7967045044:AAFq8jFRmFpbtioVMZi4wmlemHARA7Ym1jA/getUpdates "HTTP/1.1 200 OK"
2025-07-17 12:11:43 | INFO | HTTP Request: POST https://api.telegram.org/bot7967045044:AAFq8jFRmFpbtioVMZi4wmlemHARA7Ym1jA/getUpdates "HTTP/1.1 200 OK"
2025-07-17 12:11:53 | INFO | HTTP Request: POST https://api.telegram.org/bot7967045044:AAFq8jFRmFpbtioVMZi4wmlemHARA7Ym1jA/getUpdates "HTTP/1.1 200 OK"
2025-07-17 12:12:04 | INFO | HTTP Request: POST https://api.telegram.org/bot7967045044:AAFq8jFRmFpbtioVMZi4wmlemHARA7Ym1jA/getUpdates "HTTP/1.1 200 OK"
2025-07-17 12:12:14 | INFO | HTTP Request: POST https://api.telegram.org/bot7967045044:AAFq8jFRmFpbtioVMZi4wmlemHARA7Ym1jA/getUpdates "HTTP/1.1 200 OK"
2025-07-17 12:12:24 | INFO | HTTP Request: POST https://api.telegram.org/bot7967045044:AAFq8jFRmFpbtioVMZi4wmlemHARA7Ym1jA/getUpdates "HTTP/1.1 200 OK"
2025-07-17 12:12:34 | INFO | HTTP Request: POST https://api.telegram.org/bot7967045044:AAFq8jFRmFpbtioVMZi4wmlemHARA7Ym1jA/getUpdates "HTTP/1.1 200 OK"
2025-07-17 12:12:44 | INFO | HTTP Request: POST https://api.telegram.org/bot7967045044:AAFq8jFRmFpbtioVMZi4wmlemHARA7Ym1jA/getUpdates "HTTP/1.1 200 OK"
2025-07-17 12:12:54 | INFO | HTTP Request: POST https://api.telegram.org/bot7967045044:AAFq8jFRmFpbtioVMZi4wmlemHARA7Ym1jA/getUpdates "HTTP/1.1 200 OK"
2025-07-17 12:13:04 | INFO | HTTP Request: POST https://api.telegram.org/bot7967045044:AAFq8jFRmFpbtioVMZi4wmlemHARA7Ym1jA/getUpdates "HTTP/1.1 200 OK"
2025-07-17 12:13:14 | INFO | HTTP Request: POST https://api.telegram.org/bot7967045044:AAFq8jFRmFpbtioVMZi4wmlemHARA7Ym1jA/getUpdates "HTTP/1.1 200 OK"
2025-07-17 12:13:24 | INFO | HTTP Request: POST https://api.telegram.org/bot7967045044:AAFq8jFRmFpbtioVMZi4wmlemHARA7Ym1jA/getUpdates "HTTP/1.1 200 OK"
2025-07-17 12:13:34 | INFO | HTTP Request: POST https://api.telegram.org/bot7967045044:AAFq8jFRmFpbtioVMZi4wmlemHARA7Ym1jA/getUpdates "HTTP/1.1 200 OK"
2025-07-17 12:13:44 | INFO | HTTP Request: POST https://api.telegram.org/bot7967045044:AAFq8jFRmFpbtioVMZi4wmlemHARA7Ym1jA/getUpdates "HTTP/1.1 200 OK"
2025-07-17 12:13:54 | INFO | HTTP Request: POST https://api.telegram.org/bot7967045044:AAFq8jFRmFpbtioVMZi4wmlemHARA7Ym1jA/getUpdates "HTTP/1.1 200 OK"
2025-07-17 12:14:04 | INFO | HTTP Request: POST https://api.telegram.org/bot7967045044:AAFq8jFRmFpbtioVMZi4wmlemHARA7Ym1jA/getUpdates "HTTP/1.1 200 OK"
2025-07-17 12:14:14 | INFO | HTTP Request: POST https://api.telegram.org/bot7967045044:AAFq8jFRmFpbtioVMZi4wmlemHARA7Ym1jA/getUpdates "HTTP/1.1 200 OK"
2025-07-17 12:14:24 | INFO | HTTP Request: POST https://api.telegram.org/bot7967045044:AAFq8jFRmFpbtioVMZi4wmlemHARA7Ym1jA/getUpdates "HTTP/1.1 200 OK"
2025-07-17 12:14:34 | INFO | HTTP Request: POST https://api.telegram.org/bot7967045044:AAFq8jFRmFpbtioVMZi4wmlemHARA7Ym1jA/getUpdates "HTTP/1.1 200 OK"
2025-07-17 12:14:44 | INFO | HTTP Request: POST https://api.telegram.org/bot7967045044:AAFq8jFRmFpbtioVMZi4wmlemHARA7Ym1jA/getUpdates "HTTP/1.1 200 OK"
2025-07-17 12:14:54 | INFO | HTTP Request: POST https://api.telegram.org/bot7967045044:AAFq8jFRmFpbtioVMZi4wmlemHARA7Ym1jA/getUpdates "HTTP/1.1 200 OK"
2025-07-17 12:15:04 | INFO | HTTP Request: POST https://api.telegram.org/bot7967045044:AAFq8jFRmFpbtioVMZi4wmlemHARA7Ym1jA/getUpdates "HTTP/1.1 200 OK"
2025-07-17 12:15:14 | INFO | HTTP Request: POST https://api.telegram.org/bot7967045044:AAFq8jFRmFpbtioVMZi4wmlemHARA7Ym1jA/getUpdates "HTTP/1.1 200 OK"
2025-07-17 12:15:24 | INFO | HTTP Request: POST https://api.telegram.org/bot7967045044:AAFq8jFRmFpbtioVMZi4wmlemHARA7Ym1jA/getUpdates "HTTP/1.1 200 OK"
2025-07-17 12:15:34 | INFO | HTTP Request: POST https://api.telegram.org/bot7967045044:AAFq8jFRmFpbtioVMZi4wmlemHARA7Ym1jA/getUpdates "HTTP/1.1 200 OK"
2025-07-17 12:15:44 | INFO | HTTP Request: POST https://api.telegram.org/bot7967045044:AAFq8jFRmFpbtioVMZi4wmlemHARA7Ym1jA/getUpdates "HTTP/1.1 200 OK"
2025-07-17 12:15:54 | INFO | HTTP Request: POST https://api.telegram.org/bot7967045044:AAFq8jFRmFpbtioVMZi4wmlemHARA7Ym1jA/getUpdates "HTTP/1.1 200 OK"
2025-07-17 12:16:05 | INFO | HTTP Request: POST https://api.telegram.org/bot7967045044:AAFq8jFRmFpbtioVMZi4wmlemHARA7Ym1jA/getUpdates "HTTP/1.1 200 OK"
2025-07-17 12:16:15 | INFO | HTTP Request: POST https://api.telegram.org/bot7967045044:AAFq8jFRmFpbtioVMZi4wmlemHARA7Ym1jA/getUpdates "HTTP/1.1 200 OK"
2025-07-17 12:16:25 | INFO | HTTP Request: POST https://api.telegram.org/bot7967045044:AAFq8jFRmFpbtioVMZi4wmlemHARA7Ym1jA/getUpdates "HTTP/1.1 200 OK"
2025-07-17 12:16:35 | INFO | HTTP Request: POST https://api.telegram.org/bot7967045044:AAFq8jFRmFpbtioVMZi4wmlemHARA7Ym1jA/getUpdates "HTTP/1.1 200 OK"
2025-07-17 12:16:45 | INFO | HTTP Request: POST https://api.telegram.org/bot7967045044:AAFq8jFRmFpbtioVMZi4wmlemHARA7Ym1jA/getUpdates "HTTP/1.1 200 OK"
2025-07-17 12:16:55 | INFO | HTTP Request: POST https://api.telegram.org/bot7967045044:AAFq8jFRmFpbtioVMZi4wmlemHARA7Ym1jA/getUpdates "HTTP/1.1 200 OK"
2025-07-17 12:17:05 | INFO | HTTP Request: POST https://api.telegram.org/bot7967045044:AAFq8jFRmFpbtioVMZi4wmlemHARA7Ym1jA/getUpdates "HTTP/1.1 200 OK"
2025-07-17 12:17:15 | INFO | HTTP Request: POST https://api.telegram.org/bot7967045044:AAFq8jFRmFpbtioVMZi4wmlemHARA7Ym1jA/getUpdates "HTTP/1.1 200 OK"
2025-07-17 12:17:25 | INFO | HTTP Request: POST https://api.telegram.org/bot7967045044:AAFq8jFRmFpbtioVMZi4wmlemHARA7Ym1jA/getUpdates "HTTP/1.1 200 OK"
2025-07-17 12:17:35 | INFO | HTTP Request: POST https://api.telegram.org/bot7967045044:AAFq8jFRmFpbtioVMZi4wmlemHARA7Ym1jA/getUpdates "HTTP/1.1 200 OK"
2025-07-17 12:17:45 | INFO | HTTP Request: POST https://api.telegram.org/bot7967045044:AAFq8jFRmFpbtioVMZi4wmlemHARA7Ym1jA/getUpdates "HTTP/1.1 200 OK"
2025-07-17 12:17:55 | INFO | HTTP Request: POST https://api.telegram.org/bot7967045044:AAFq8jFRmFpbtioVMZi4wmlemHARA7Ym1jA/getUpdates "HTTP/1.1 200 OK"
2025-07-17 12:18:05 | INFO | HTTP Request: POST https://api.telegram.org/bot7967045044:AAFq8jFRmFpbtioVMZi4wmlemHARA7Ym1jA/getUpdates "HTTP/1.1 200 OK"
2025-07-17 12:18:15 | INFO | HTTP Request: POST https://api.telegram.org/bot7967045044:AAFq8jFRmFpbtioVMZi4wmlemHARA7Ym1jA/getUpdates "HTTP/1.1 200 OK"
2025-07-17 12:18:25 | INFO | HTTP Request: POST https://api.telegram.org/bot7967045044:AAFq8jFRmFpbtioVMZi4wmlemHARA7Ym1jA/getUpdates "HTTP/1.1 200 OK"
2025-07-17 12:18:35 | INFO | HTTP Request: POST https://api.telegram.org/bot7967045044:AAFq8jFRmFpbtioVMZi4wmlemHARA7Ym1jA/getUpdates "HTTP/1.1 200 OK"
2025-07-17 12:18:45 | INFO | HTTP Request: POST https://api.telegram.org/bot7967045044:AAFq8jFRmFpbtioVMZi4wmlemHARA7Ym1jA/getUpdates "HTTP/1.1 200 OK"
2025-07-17 12:18:55 | INFO | HTTP Request: POST https://api.telegram.org/bot7967045044:AAFq8jFRmFpbtioVMZi4wmlemHARA7Ym1jA/getUpdates "HTTP/1.1 200 OK"
2025-07-17 12:19:05 | INFO | HTTP Request: POST https://api.telegram.org/bot7967045044:AAFq8jFRmFpbtioVMZi4wmlemHARA7Ym1jA/getUpdates "HTTP/1.1 200 OK"
2025-07-17 12:19:15 | INFO | HTTP Request: POST https://api.telegram.org/bot7967045044:AAFq8jFRmFpbtioVMZi4wmlemHARA7Ym1jA/getUpdates "HTTP/1.1 200 OK"
2025-07-17 12:19:25 | INFO | HTTP Request: POST https://api.telegram.org/bot7967045044:AAFq8jFRmFpbtioVMZi4wmlemHARA7Ym1jA/getUpdates "HTTP/1.1 200 OK"
2025-07-17 12:19:35 | INFO | HTTP Request: POST https://api.telegram.org/bot7967045044:AAFq8jFRmFpbtioVMZi4wmlemHARA7Ym1jA/getUpdates "HTTP/1.1 200 OK"
2025-07-17 12:19:45 | INFO | HTTP Request: POST https://api.telegram.org/bot7967045044:AAFq8jFRmFpbtioVMZi4wmlemHARA7Ym1jA/getUpdates "HTTP/1.1 200 OK"
2025-07-17 12:19:55 | INFO | HTTP Request: POST https://api.telegram.org/bot7967045044:AAFq8jFRmFpbtioVMZi4wmlemHARA7Ym1jA/getUpdates "HTTP/1.1 200 OK"
2025-07-17 12:20:06 | INFO | HTTP Request: POST https://api.telegram.org/bot7967045044:AAFq8jFRmFpbtioVMZi4wmlemHARA7Ym1jA/getUpdates "HTTP/1.1 200 OK"
2025-07-17 12:20:16 | INFO | HTTP Request: POST https://api.telegram.org/bot7967045044:AAFq8jFRmFpbtioVMZi4wmlemHARA7Ym1jA/getUpdates "HTTP/1.1 200 OK"
2025-07-17 12:20:26 | INFO | HTTP Request: POST https://api.telegram.org/bot7967045044:AAFq8jFRmFpbtioVMZi4wmlemHARA7Ym1jA/getUpdates "HTTP/1.1 200 OK"
2025-07-17 12:20:36 | INFO | HTTP Request: POST https://api.telegram.org/bot7967045044:AAFq8jFRmFpbtioVMZi4wmlemHARA7Ym1jA/getUpdates "HTTP/1.1 200 OK"
2025-07-17 12:20:46 | INFO | HTTP Request: POST https://api.telegram.org/bot7967045044:AAFq8jFRmFpbtioVMZi4wmlemHARA7Ym1jA/getUpdates "HTTP/1.1 200 OK"
2025-07-17 12:20:56 | INFO | HTTP Request: POST https://api.telegram.org/bot7967045044:AAFq8jFRmFpbtioVMZi4wmlemHARA7Ym1jA/getUpdates "HTTP/1.1 200 OK"
2025-07-17 12:21:06 | INFO | HTTP Request: POST https://api.telegram.org/bot7967045044:AAFq8jFRmFpbtioVMZi4wmlemHARA7Ym1jA/getUpdates "HTTP/1.1 200 OK"
2025-07-17 12:21:16 | INFO | HTTP Request: POST https://api.telegram.org/bot7967045044:AAFq8jFRmFpbtioVMZi4wmlemHARA7Ym1jA/getUpdates "HTTP/1.1 200 OK"
2025-07-17 12:21:26 | INFO | HTTP Request: POST https://api.telegram.org/bot7967045044:AAFq8jFRmFpbtioVMZi4wmlemHARA7Ym1jA/getUpdates "HTTP/1.1 200 OK"
2025-07-17 12:21:36 | INFO | HTTP Request: POST https://api.telegram.org/bot7967045044:AAFq8jFRmFpbtioVMZi4wmlemHARA7Ym1jA/getUpdates "HTTP/1.1 200 OK"
2025-07-17 12:21:46 | INFO | HTTP Request: POST https://api.telegram.org/bot7967045044:AAFq8jFRmFpbtioVMZi4wmlemHARA7Ym1jA/getUpdates "HTTP/1.1 200 OK"
2025-07-17 12:21:56 | INFO | HTTP Request: POST https://api.telegram.org/bot7967045044:AAFq8jFRmFpbtioVMZi4wmlemHARA7Ym1jA/getUpdates "HTTP/1.1 200 OK"
2025-07-17 12:22:06 | INFO | HTTP Request: POST https://api.telegram.org/bot7967045044:AAFq8jFRmFpbtioVMZi4wmlemHARA7Ym1jA/getUpdates "HTTP/1.1 200 OK"
2025-07-17 12:22:16 | INFO | HTTP Request: POST https://api.telegram.org/bot7967045044:AAFq8jFRmFpbtioVMZi4wmlemHARA7Ym1jA/getUpdates "HTTP/1.1 200 OK"
2025-07-17 12:22:26 | INFO | HTTP Request: POST https://api.telegram.org/bot7967045044:AAFq8jFRmFpbtioVMZi4wmlemHARA7Ym1jA/getUpdates "HTTP/1.1 200 OK"
2025-07-17 12:22:36 | INFO | HTTP Request: POST https://api.telegram.org/bot7967045044:AAFq8jFRmFpbtioVMZi4wmlemHARA7Ym1jA/getUpdates "HTTP/1.1 200 OK"
2025-07-17 12:22:46 | INFO | HTTP Request: POST https://api.telegram.org/bot7967045044:AAFq8jFRmFpbtioVMZi4wmlemHARA7Ym1jA/getUpdates "HTTP/1.1 200 OK"
2025-07-17 12:22:56 | INFO | HTTP Request: POST https://api.telegram.org/bot7967045044:AAFq8jFRmFpbtioVMZi4wmlemHARA7Ym1jA/getUpdates "HTTP/1.1 200 OK"
2025-07-17 12:23:06 | INFO | HTTP Request: POST https://api.telegram.org/bot7967045044:AAFq8jFRmFpbtioVMZi4wmlemHARA7Ym1jA/getUpdates "HTTP/1.1 200 OK"
2025-07-17 12:23:16 | INFO | HTTP Request: POST https://api.telegram.org/bot7967045044:AAFq8jFRmFpbtioVMZi4wmlemHARA7Ym1jA/getUpdates "HTTP/1.1 200 OK"
2025-07-17 12:23:26 | INFO | HTTP Request: POST https://api.telegram.org/bot7967045044:AAFq8jFRmFpbtioVMZi4wmlemHARA7Ym1jA/getUpdates "HTTP/1.1 200 OK"
2025-07-17 12:23:36 | INFO | HTTP Request: POST https://api.telegram.org/bot7967045044:AAFq8jFRmFpbtioVMZi4wmlemHARA7Ym1jA/getUpdates "HTTP/1.1 200 OK"
2025-07-17 12:23:46 | INFO | HTTP Request: POST https://api.telegram.org/bot7967045044:AAFq8jFRmFpbtioVMZi4wmlemHARA7Ym1jA/getUpdates "HTTP/1.1 200 OK"
2025-07-17 12:23:56 | INFO | HTTP Request: POST https://api.telegram.org/bot7967045044:AAFq8jFRmFpbtioVMZi4wmlemHARA7Ym1jA/getUpdates "HTTP/1.1 200 OK"
2025-07-17 12:24:06 | INFO | HTTP Request: POST https://api.telegram.org/bot7967045044:AAFq8jFRmFpbtioVMZi4wmlemHARA7Ym1jA/getUpdates "HTTP/1.1 200 OK"
2025-07-17 12:24:16 | INFO | HTTP Request: POST https://api.telegram.org/bot7967045044:AAFq8jFRmFpbtioVMZi4wmlemHARA7Ym1jA/getUpdates "HTTP/1.1 200 OK"
2025-07-17 12:24:26 | INFO | HTTP Request: POST https://api.telegram.org/bot7967045044:AAFq8jFRmFpbtioVMZi4wmlemHARA7Ym1jA/getUpdates "HTTP/1.1 200 OK"
2025-07-17 12:24:36 | INFO | HTTP Request: POST https://api.telegram.org/bot7967045044:AAFq8jFRmFpbtioVMZi4wmlemHARA7Ym1jA/getUpdates "HTTP/1.1 200 OK"
2025-07-17 12:24:47 | INFO | HTTP Request: POST https://api.telegram.org/bot7967045044:AAFq8jFRmFpbtioVMZi4wmlemHARA7Ym1jA/getUpdates "HTTP/1.1 200 OK"
2025-07-17 12:24:57 | INFO | HTTP Request: POST https://api.telegram.org/bot7967045044:AAFq8jFRmFpbtioVMZi4wmlemHARA7Ym1jA/getUpdates "HTTP/1.1 200 OK"
2025-07-17 12:25:07 | INFO | HTTP Request: POST https://api.telegram.org/bot7967045044:AAFq8jFRmFpbtioVMZi4wmlemHARA7Ym1jA/getUpdates "HTTP/1.1 200 OK"
2025-07-17 12:25:17 | INFO | HTTP Request: POST https://api.telegram.org/bot7967045044:AAFq8jFRmFpbtioVMZi4wmlemHARA7Ym1jA/getUpdates "HTTP/1.1 200 OK"
2025-07-17 12:25:27 | INFO | HTTP Request: POST https://api.telegram.org/bot7967045044:AAFq8jFRmFpbtioVMZi4wmlemHARA7Ym1jA/getUpdates "HTTP/1.1 200 OK"
2025-07-17 12:25:37 | INFO | HTTP Request: POST https://api.telegram.org/bot7967045044:AAFq8jFRmFpbtioVMZi4wmlemHARA7Ym1jA/getUpdates "HTTP/1.1 200 OK"
2025-07-17 12:25:47 | INFO | HTTP Request: POST https://api.telegram.org/bot7967045044:AAFq8jFRmFpbtioVMZi4wmlemHARA7Ym1jA/getUpdates "HTTP/1.1 200 OK"
2025-07-17 12:25:57 | INFO | HTTP Request: POST https://api.telegram.org/bot7967045044:AAFq8jFRmFpbtioVMZi4wmlemHARA7Ym1jA/getUpdates "HTTP/1.1 200 OK"
2025-07-17 12:26:07 | INFO | HTTP Request: POST https://api.telegram.org/bot7967045044:AAFq8jFRmFpbtioVMZi4wmlemHARA7Ym1jA/getUpdates "HTTP/1.1 200 OK"
2025-07-17 12:26:17 | INFO | HTTP Request: POST https://api.telegram.org/bot7967045044:AAFq8jFRmFpbtioVMZi4wmlemHARA7Ym1jA/getUpdates "HTTP/1.1 200 OK"
2025-07-17 12:26:27 | INFO | HTTP Request: POST https://api.telegram.org/bot7967045044:AAFq8jFRmFpbtioVMZi4wmlemHARA7Ym1jA/getUpdates "HTTP/1.1 200 OK"
2025-07-17 12:26:37 | INFO | HTTP Request: POST https://api.telegram.org/bot7967045044:AAFq8jFRmFpbtioVMZi4wmlemHARA7Ym1jA/getUpdates "HTTP/1.1 200 OK"
2025-07-17 12:26:47 | INFO | HTTP Request: POST https://api.telegram.org/bot7967045044:AAFq8jFRmFpbtioVMZi4wmlemHARA7Ym1jA/getUpdates "HTTP/1.1 200 OK"
2025-07-17 12:26:57 | INFO | HTTP Request: POST https://api.telegram.org/bot7967045044:AAFq8jFRmFpbtioVMZi4wmlemHARA7Ym1jA/getUpdates "HTTP/1.1 200 OK"
2025-07-17 12:27:07 | INFO | HTTP Request: POST https://api.telegram.org/bot7967045044:AAFq8jFRmFpbtioVMZi4wmlemHARA7Ym1jA/getUpdates "HTTP/1.1 200 OK"
2025-07-17 12:27:17 | INFO | HTTP Request: POST https://api.telegram.org/bot7967045044:AAFq8jFRmFpbtioVMZi4wmlemHARA7Ym1jA/getUpdates "HTTP/1.1 200 OK"
2025-07-17 12:27:27 | INFO | HTTP Request: POST https://api.telegram.org/bot7967045044:AAFq8jFRmFpbtioVMZi4wmlemHARA7Ym1jA/getUpdates "HTTP/1.1 200 OK"
2025-07-17 12:27:37 | INFO | HTTP Request: POST https://api.telegram.org/bot7967045044:AAFq8jFRmFpbtioVMZi4wmlemHARA7Ym1jA/getUpdates "HTTP/1.1 200 OK"
2025-07-17 12:27:47 | INFO | HTTP Request: POST https://api.telegram.org/bot7967045044:AAFq8jFRmFpbtioVMZi4wmlemHARA7Ym1jA/getUpdates "HTTP/1.1 200 OK"
2025-07-17 12:27:57 | INFO | HTTP Request: POST https://api.telegram.org/bot7967045044:AAFq8jFRmFpbtioVMZi4wmlemHARA7Ym1jA/getUpdates "HTTP/1.1 200 OK"
2025-07-17 12:28:07 | INFO | HTTP Request: POST https://api.telegram.org/bot7967045044:AAFq8jFRmFpbtioVMZi4wmlemHARA7Ym1jA/getUpdates "HTTP/1.1 200 OK"
2025-07-17 12:28:17 | INFO | HTTP Request: POST https://api.telegram.org/bot7967045044:AAFq8jFRmFpbtioVMZi4wmlemHARA7Ym1jA/getUpdates "HTTP/1.1 200 OK"
2025-07-17 12:28:27 | INFO | HTTP Request: POST https://api.telegram.org/bot7967045044:AAFq8jFRmFpbtioVMZi4wmlemHARA7Ym1jA/getUpdates "HTTP/1.1 200 OK"
2025-07-17 12:28:37 | INFO | HTTP Request: POST https://api.telegram.org/bot7967045044:AAFq8jFRmFpbtioVMZi4wmlemHARA7Ym1jA/getUpdates "HTTP/1.1 200 OK"
2025-07-17 12:28:47 | INFO | HTTP Request: POST https://api.telegram.org/bot7967045044:AAFq8jFRmFpbtioVMZi4wmlemHARA7Ym1jA/getUpdates "HTTP/1.1 200 OK"
2025-07-17 12:28:57 | INFO | HTTP Request: POST https://api.telegram.org/bot7967045044:AAFq8jFRmFpbtioVMZi4wmlemHARA7Ym1jA/getUpdates "HTTP/1.1 200 OK"
2025-07-17 12:29:07 | INFO | HTTP Request: POST https://api.telegram.org/bot7967045044:AAFq8jFRmFpbtioVMZi4wmlemHARA7Ym1jA/getUpdates "HTTP/1.1 200 OK"
2025-07-17 12:29:17 | INFO | HTTP Request: POST https://api.telegram.org/bot7967045044:AAFq8jFRmFpbtioVMZi4wmlemHARA7Ym1jA/getUpdates "HTTP/1.1 200 OK"
2025-07-17 12:29:27 | INFO | HTTP Request: POST https://api.telegram.org/bot7967045044:AAFq8jFRmFpbtioVMZi4wmlemHARA7Ym1jA/getUpdates "HTTP/1.1 200 OK"
2025-07-17 12:29:37 | INFO | HTTP Request: POST https://api.telegram.org/bot7967045044:AAFq8jFRmFpbtioVMZi4wmlemHARA7Ym1jA/getUpdates "HTTP/1.1 200 OK"
2025-07-17 12:29:48 | INFO | HTTP Request: POST https://api.telegram.org/bot7967045044:AAFq8jFRmFpbtioVMZi4wmlemHARA7Ym1jA/getUpdates "HTTP/1.1 200 OK"
2025-07-17 12:29:58 | INFO | HTTP Request: POST https://api.telegram.org/bot7967045044:AAFq8jFRmFpbtioVMZi4wmlemHARA7Ym1jA/getUpdates "HTTP/1.1 200 OK"
2025-07-17 12:30:08 | INFO | HTTP Request: POST https://api.telegram.org/bot7967045044:AAFq8jFRmFpbtioVMZi4wmlemHARA7Ym1jA/getUpdates "HTTP/1.1 200 OK"
2025-07-17 12:30:18 | INFO | HTTP Request: POST https://api.telegram.org/bot7967045044:AAFq8jFRmFpbtioVMZi4wmlemHARA7Ym1jA/getUpdates "HTTP/1.1 200 OK"
2025-07-17 12:30:28 | INFO | HTTP Request: POST https://api.telegram.org/bot7967045044:AAFq8jFRmFpbtioVMZi4wmlemHARA7Ym1jA/getUpdates "HTTP/1.1 200 OK"
2025-07-17 12:30:38 | INFO | HTTP Request: POST https://api.telegram.org/bot7967045044:AAFq8jFRmFpbtioVMZi4wmlemHARA7Ym1jA/getUpdates "HTTP/1.1 200 OK"
2025-07-17 12:30:48 | INFO | HTTP Request: POST https://api.telegram.org/bot7967045044:AAFq8jFRmFpbtioVMZi4wmlemHARA7Ym1jA/getUpdates "HTTP/1.1 200 OK"
2025-07-17 12:30:58 | INFO | HTTP Request: POST https://api.telegram.org/bot7967045044:AAFq8jFRmFpbtioVMZi4wmlemHARA7Ym1jA/getUpdates "HTTP/1.1 200 OK"
2025-07-17 12:31:08 | INFO | HTTP Request: POST https://api.telegram.org/bot7967045044:AAFq8jFRmFpbtioVMZi4wmlemHARA7Ym1jA/getUpdates "HTTP/1.1 200 OK"
2025-07-17 12:31:18 | INFO | HTTP Request: POST https://api.telegram.org/bot7967045044:AAFq8jFRmFpbtioVMZi4wmlemHARA7Ym1jA/getUpdates "HTTP/1.1 200 OK"
2025-07-17 12:31:28 | INFO | HTTP Request: POST https://api.telegram.org/bot7967045044:AAFq8jFRmFpbtioVMZi4wmlemHARA7Ym1jA/getUpdates "HTTP/1.1 200 OK"
2025-07-17 12:31:38 | INFO | HTTP Request: POST https://api.telegram.org/bot7967045044:AAFq8jFRmFpbtioVMZi4wmlemHARA7Ym1jA/getUpdates "HTTP/1.1 200 OK"
2025-07-17 12:31:48 | INFO | HTTP Request: POST https://api.telegram.org/bot7967045044:AAFq8jFRmFpbtioVMZi4wmlemHARA7Ym1jA/getUpdates "HTTP/1.1 200 OK"
2025-07-17 12:31:58 | INFO | HTTP Request: POST https://api.telegram.org/bot7967045044:AAFq8jFRmFpbtioVMZi4wmlemHARA7Ym1jA/getUpdates "HTTP/1.1 200 OK"
2025-07-17 12:32:08 | INFO | HTTP Request: POST https://api.telegram.org/bot7967045044:AAFq8jFRmFpbtioVMZi4wmlemHARA7Ym1jA/getUpdates "HTTP/1.1 200 OK"
2025-07-17 12:32:18 | INFO | HTTP Request: POST https://api.telegram.org/bot7967045044:AAFq8jFRmFpbtioVMZi4wmlemHARA7Ym1jA/getUpdates "HTTP/1.1 200 OK"
2025-07-17 12:32:28 | INFO | HTTP Request: POST https://api.telegram.org/bot7967045044:AAFq8jFRmFpbtioVMZi4wmlemHARA7Ym1jA/getUpdates "HTTP/1.1 200 OK"
2025-07-17 12:32:38 | INFO | HTTP Request: POST https://api.telegram.org/bot7967045044:AAFq8jFRmFpbtioVMZi4wmlemHARA7Ym1jA/getUpdates "HTTP/1.1 200 OK"
2025-07-17 12:32:48 | INFO | HTTP Request: POST https://api.telegram.org/bot7967045044:AAFq8jFRmFpbtioVMZi4wmlemHARA7Ym1jA/getUpdates "HTTP/1.1 200 OK"
2025-07-17 12:32:58 | INFO | HTTP Request: POST https://api.telegram.org/bot7967045044:AAFq8jFRmFpbtioVMZi4wmlemHARA7Ym1jA/getUpdates "HTTP/1.1 200 OK"
2025-07-17 12:33:08 | INFO | HTTP Request: POST https://api.telegram.org/bot7967045044:AAFq8jFRmFpbtioVMZi4wmlemHARA7Ym1jA/getUpdates "HTTP/1.1 200 OK"
2025-07-17 12:33:18 | INFO | HTTP Request: POST https://api.telegram.org/bot7967045044:AAFq8jFRmFpbtioVMZi4wmlemHARA7Ym1jA/getUpdates "HTTP/1.1 200 OK"
2025-07-17 12:33:28 | INFO | HTTP Request: POST https://api.telegram.org/bot7967045044:AAFq8jFRmFpbtioVMZi4wmlemHARA7Ym1jA/getUpdates "HTTP/1.1 200 OK"
2025-07-17 12:33:38 | INFO | HTTP Request: POST https://api.telegram.org/bot7967045044:AAFq8jFRmFpbtioVMZi4wmlemHARA7Ym1jA/getUpdates "HTTP/1.1 200 OK"
2025-07-17 12:33:48 | INFO | HTTP Request: POST https://api.telegram.org/bot7967045044:AAFq8jFRmFpbtioVMZi4wmlemHARA7Ym1jA/getUpdates "HTTP/1.1 200 OK"
2025-07-17 12:33:58 | INFO | HTTP Request: POST https://api.telegram.org/bot7967045044:AAFq8jFRmFpbtioVMZi4wmlemHARA7Ym1jA/getUpdates "HTTP/1.1 200 OK"
2025-07-17 12:34:08 | INFO | HTTP Request: POST https://api.telegram.org/bot7967045044:AAFq8jFRmFpbtioVMZi4wmlemHARA7Ym1jA/getUpdates "HTTP/1.1 200 OK"
2025-07-17 12:34:18 | INFO | HTTP Request: POST https://api.telegram.org/bot7967045044:AAFq8jFRmFpbtioVMZi4wmlemHARA7Ym1jA/getUpdates "HTTP/1.1 200 OK"
2025-07-17 12:34:23 | INFO | HTTP Request: POST https://api.telegram.org/bot7967045044:AAFq8jFRmFpbtioVMZi4wmlemHARA7Ym1jA/getUpdates "HTTP/1.1 200 OK"
2025-07-17 12:34:23 | INFO | Application is stopping. This might take a moment.
2025-07-17 12:34:23 | INFO | Scheduler has been shut down
2025-07-17 12:34:23 | INFO | Application.stop() complete
