[
  {
    "info": {
      "orderId": "5471060641",
      "symbol": "BTCUSDT",
      "status": "NEW",
      "clientOrderId": "x-cvBPrNm9968f82b430ef3a0a7e442d",
      "price": "0",
      "avgPrice": "0",
      "origQty": "0.001",
      "executedQty": "0",
      "cumQuote": "0.00000",
      "timeInForce": "GTC",
      "type": "STOP_MARKET",
      "reduceOnly": false,
      "closePosition": false,
      "side": "SELL",
      "positionSide": "BOTH",
      "stopPrice": "109999",
      "workingType": "CONTRACT_PRICE",
      "priceProtect": false,
      "origType": "STOP_MARKET",
      "priceMatch": "NONE",
      "selfTradePreventionMode": "EXPIRE_MAKER",
      "goodTillDate": "0",
      "time": "1753414324008",
      "updateTime": "1753414324008"
    },
    "id": "5471060641",
    "clientOrderId": "x-cvBPrNm9968f82b430ef3a0a7e442d",
    "timestamp": 1753414324008,
    "datetime": "2025-07-25T03:32:04.008Z",
    "lastTradeTimestamp": null,
    "lastUpdateTimestamp": 1753414324008,
    "symbol": "BTC/USDT:USDT",
    "type": "stop_market",
    "timeInForce": "GTC",
    "postOnly": false,
    "reduceOnly": false,
    "side": "sell",
    "price": null,
    "triggerPrice": 109999.0,
    "amount": 0.001,
    "cost": 0.0,
    "average": null,
    "filled": 0.0,
    "remaining": 0.001,
    "status": "open",
    "fee": null,
    "trades": [],
    "fees": [],
    "stopPrice": 109999.0,
    "takeProfitPrice": null,
    "stopLossPrice": null
  },
  {
    "info": {
      "orderId": "5471071397",
      "symbol": "BTCUSDT",
      "status": "NEW",
      "clientOrderId": "x-cvBPrNm9863f64f24f20d9b90ffd9c",
      "price": "0",
      "avgPrice": "0",
      "origQty": "0.001",
      "executedQty": "0",
      "cumQuote": "0.00000",
      "timeInForce": "GTC",
      "type": "STOP_MARKET",
      "reduceOnly": false,
      "closePosition": false,
      "side": "SELL",
      "positionSide": "BOTH",
      "stopPrice": "109554.80",
      "workingType": "CONTRACT_PRICE",
      "priceProtect": false,
      "origType": "STOP_MARKET",
      "priceMatch": "NONE",
      "selfTradePreventionMode": "EXPIRE_MAKER",
      "goodTillDate": "0",
      "time": "1753414442143",
      "updateTime": "1753414442143"
    },
    "id": "5471071397",
    "clientOrderId": "x-cvBPrNm9863f64f24f20d9b90ffd9c",
    "timestamp": 1753414442143,
    "datetime": "2025-07-25T03:34:02.143Z",
    "lastTradeTimestamp": null,
    "lastUpdateTimestamp": 1753414442143,
    "symbol": "BTC/USDT:USDT",
    "type": "stop_market",
    "timeInForce": "GTC",
    "postOnly": false,
    "reduceOnly": false,
    "side": "sell",
    "price": null,
    "triggerPrice": 109554.8,
    "amount": 0.001,
    "cost": 0.0,
    "average": null,
    "filled": 0.0,
    "remaining": 0.001,
    "status": "open",
    "fee": null,
    "trades": [],
    "fees": [],
    "stopPrice": 109554.8,
    "takeProfitPrice": null,
    "stopLossPrice": null
  },
  {
    "info": {
      "orderId": "5471085945",
      "symbol": "BTCUSDT",
      "status": "NEW",
      "clientOrderId": "x-cvBPrNm915ce67fe86c5d51c94b384",
      "price": "0",
      "avgPrice": "0",
      "origQty": "0.001",
      "executedQty": "0",
      "cumQuote": "0.00000",
      "timeInForce": "GTC",
      "type": "STOP_MARKET",
      "reduceOnly": false,
      "closePosition": false,
      "side": "SELL",
      "positionSide": "BOTH",
      "stopPrice": "109364.10",
      "workingType": "CONTRACT_PRICE",
      "priceProtect": false,
      "origType": "STOP_MARKET",
      "priceMatch": "NONE",
      "selfTradePreventionMode": "EXPIRE_MAKER",
      "goodTillDate": "0",
      "time": "1753414681647",
      "updateTime": "1753414681647"
    },
    "id": "5471085945",
    "clientOrderId": "x-cvBPrNm915ce67fe86c5d51c94b384",
    "timestamp": 1753414681647,
    "datetime": "2025-07-25T03:38:01.647Z",
    "lastTradeTimestamp": null,
    "lastUpdateTimestamp": 1753414681647,
    "symbol": "BTC/USDT:USDT",
    "type": "stop_market",
    "timeInForce": "GTC",
    "postOnly": false,
    "reduceOnly": false,
    "side": "sell",
    "price": null,
    "triggerPrice": 109364.1,
    "amount": 0.001,
    "cost": 0.0,
    "average": null,
    "filled": 0.0,
    "remaining": 0.001,
    "status": "open",
    "fee": null,
    "trades": [],
    "fees": [],
    "stopPrice": 109364.1,
    "takeProfitPrice": null,
    "stopLossPrice": null
  }
]